2015-10-23 12:46:54.317+0000 INFO  [o.n.k.i.f.CommunityFacadeFactory] No locking implementation specified, defaulting to 'community'
2015-10-23 12:46:54.448+0000 INFO  [o.n.k.i.DiagnosticsManager] --- INITIALIZED diagnostics START ---
2015-10-23 12:46:54.449+0000 INFO  [o.n.k.i.DiagnosticsManager] Neo4j Kernel properties:
2015-10-23 12:46:54.452+0000 INFO  [o.n.k.i.DiagnosticsManager] ephemeral=false
2015-10-23 12:46:54.453+0000 INFO  [o.n.k.i.DiagnosticsManager] edition=Community
2015-10-23 12:46:54.453+0000 INFO  [o.n.k.i.DiagnosticsManager] Diagnostics providers:
2015-10-23 12:46:54.453+0000 INFO  [o.n.k.i.DiagnosticsManager] org.neo4j.kernel.configuration.Config
2015-10-23 12:46:54.453+0000 INFO  [o.n.k.i.DiagnosticsManager] org.neo4j.kernel.info.DiagnosticsManager
2015-10-23 12:46:54.453+0000 INFO  [o.n.k.i.DiagnosticsManager] SYSTEM_MEMORY
2015-10-23 12:46:54.453+0000 INFO  [o.n.k.i.DiagnosticsManager] JAVA_MEMORY
2015-10-23 12:46:54.453+0000 INFO  [o.n.k.i.DiagnosticsManager] OPERATING_SYSTEM
2015-10-23 12:46:54.453+0000 INFO  [o.n.k.i.DiagnosticsManager] JAVA_VIRTUAL_MACHINE
2015-10-23 12:46:54.453+0000 INFO  [o.n.k.i.DiagnosticsManager] CLASSPATH
2015-10-23 12:46:54.453+0000 INFO  [o.n.k.i.DiagnosticsManager] LIBRARY_PATH
2015-10-23 12:46:54.454+0000 INFO  [o.n.k.i.DiagnosticsManager] SYSTEM_PROPERTIES
2015-10-23 12:46:54.454+0000 INFO  [o.n.k.i.DiagnosticsManager] NETWORK
2015-10-23 12:46:54.454+0000 INFO  [o.n.k.i.DiagnosticsManager] System memory information:
2015-10-23 12:46:54.469+0000 INFO  [o.n.k.i.DiagnosticsManager] Total Physical memory: 5.89 GB
2015-10-23 12:46:54.470+0000 INFO  [o.n.k.i.DiagnosticsManager] Free Physical memory: 1.31 GB
2015-10-23 12:46:54.470+0000 INFO  [o.n.k.i.DiagnosticsManager] Committed virtual memory: 210.14 MB
2015-10-23 12:46:54.470+0000 INFO  [o.n.k.i.DiagnosticsManager] Total swap space: 23.89 GB
2015-10-23 12:46:54.470+0000 INFO  [o.n.k.i.DiagnosticsManager] Free swap space: 13.36 GB
2015-10-23 12:46:54.471+0000 INFO  [o.n.k.i.DiagnosticsManager] JVM memory information:
2015-10-23 12:46:54.471+0000 INFO  [o.n.k.i.DiagnosticsManager] Free  memory: 61.89 MB
2015-10-23 12:46:54.471+0000 INFO  [o.n.k.i.DiagnosticsManager] Total memory: 92.00 MB
2015-10-23 12:46:54.472+0000 INFO  [o.n.k.i.DiagnosticsManager] Max   memory: 1.31 GB
2015-10-23 12:46:54.554+0000 INFO  [o.n.k.i.DiagnosticsManager] Garbage Collector: PS Scavenge: [PS Eden Space, PS Survivor Space]
2015-10-23 12:46:54.554+0000 INFO  [o.n.k.i.DiagnosticsManager] Garbage Collector: PS MarkSweep: [PS Eden Space, PS Survivor Space, PS Old Gen]
2015-10-23 12:46:54.557+0000 INFO  [o.n.k.i.DiagnosticsManager] Memory Pool: Code Cache (Non-heap memory): committed=2.63 MB, used=2.60 MB, max=240.00 MB, threshold=0.00 B
2015-10-23 12:46:54.559+0000 INFO  [o.n.k.i.DiagnosticsManager] Memory Pool: Metaspace (Non-heap memory): committed=7.63 MB, used=7.29 MB, max=-1.00 B, threshold=0.00 B
2015-10-23 12:46:54.560+0000 INFO  [o.n.k.i.DiagnosticsManager] Memory Pool: Compressed Class Space (Non-heap memory): committed=1.13 MB, used=1005.20 kB, max=1.00 GB, threshold=0.00 B
2015-10-23 12:46:54.562+0000 INFO  [o.n.k.i.DiagnosticsManager] Memory Pool: PS Eden Space (Heap memory): committed=24.00 MB, used=15.30 MB, max=495.00 MB, threshold=?
2015-10-23 12:46:54.563+0000 INFO  [o.n.k.i.DiagnosticsManager] Memory Pool: PS Survivor Space (Heap memory): committed=4.00 MB, used=3.99 MB, max=4.00 MB, threshold=?
2015-10-23 12:46:54.565+0000 INFO  [o.n.k.i.DiagnosticsManager] Memory Pool: PS Old Gen (Heap memory): committed=64.00 MB, used=10.81 MB, max=1007.00 MB, threshold=0.00 B
2015-10-23 12:46:54.566+0000 INFO  [o.n.k.i.DiagnosticsManager] Operating system information:
2015-10-23 12:46:54.568+0000 INFO  [o.n.k.i.DiagnosticsManager] Operating System: Windows 8.1; version: 6.3; arch: amd64; cpus: 4
2015-10-23 12:46:54.798+0000 INFO  [o.n.k.i.DiagnosticsManager] Process id: 7128@Gissel-PC
2015-10-23 12:46:54.799+0000 INFO  [o.n.k.i.DiagnosticsManager] Byte order: LITTLE_ENDIAN
2015-10-23 12:46:54.799+0000 INFO  [o.n.k.i.DiagnosticsManager] Local timezone: Europe/Paris
2015-10-23 12:46:54.799+0000 INFO  [o.n.k.i.DiagnosticsManager] JVM information:
2015-10-23 12:46:54.799+0000 INFO  [o.n.k.i.DiagnosticsManager] VM Name: Java HotSpot(TM) 64-Bit Server VM
2015-10-23 12:46:54.799+0000 INFO  [o.n.k.i.DiagnosticsManager] VM Vendor: Oracle Corporation
2015-10-23 12:46:54.799+0000 INFO  [o.n.k.i.DiagnosticsManager] VM Version: 25.60-b23
2015-10-23 12:46:54.805+0000 INFO  [o.n.k.i.DiagnosticsManager] JIT compiler: HotSpot 64-Bit Tiered Compilers
2015-10-23 12:46:54.806+0000 INFO  [o.n.k.i.DiagnosticsManager] VM Arguments: [-Dfile.encoding=Cp1252]
2015-10-23 12:46:54.806+0000 INFO  [o.n.k.i.DiagnosticsManager] Java classpath:
2015-10-23 12:46:54.811+0000 INFO  [o.n.k.i.DiagnosticsManager]  [classpath + loader.0] file:/C:/Users/AnaGissel/Documents/MASTER/PFE/neo4j-community-2.3.0/lib/neo4j-cypher-compiler-1.9_2.11-2.0.5.jar
2015-10-23 12:46:54.811+0000 INFO  [o.n.k.i.DiagnosticsManager]  [loader.1] file:/C:/Program%20Files/Java/jre1.8.0_60/lib/ext/jaccess.jar
2015-10-23 12:46:54.812+0000 INFO  [o.n.k.i.DiagnosticsManager]  [classpath + loader.0] file:/C:/Users/AnaGissel/Documents/MASTER/PFE/neo4j-community-2.3.0/lib/lucene-core-3.6.2.jar
2015-10-23 12:46:54.812+0000 INFO  [o.n.k.i.DiagnosticsManager]  [classpath + loader.0] file:/C:/Users/AnaGissel/Documents/MASTER/PFE/neo4j-community-2.3.0/lib/neo4j-consistency-check-2.3.0.jar
2015-10-23 12:46:54.812+0000 INFO  [o.n.k.i.DiagnosticsManager]  [classpath + loader.0] file:/C:/Users/AnaGissel/Documents/MASTER/PFE/neo4j-community-2.3.0/lib/neo4j-cypher-2.3.0.jar
2015-10-23 12:46:54.812+0000 INFO  [o.n.k.i.DiagnosticsManager]  [classpath + loader.0] file:/C:/Users/AnaGissel/Documents/MASTER/PFE/neo4j-community-2.3.0/lib/neo4j-import-tool-2.3.0.jar
2015-10-23 12:46:54.812+0000 INFO  [o.n.k.i.DiagnosticsManager]  [bootstrap] C:\Program Files\Java\jre1.8.0_60\classes
2015-10-23 12:46:54.812+0000 INFO  [o.n.k.i.DiagnosticsManager]  [classpath + loader.0] file:/C:/Users/AnaGissel/Documents/MASTER/PFE/neo4j-community-2.3.0/lib/neo4j-codegen-2.3.0.jar
2015-10-23 12:46:54.812+0000 INFO  [o.n.k.i.DiagnosticsManager]  [classpath + loader.0] file:/C:/Users/AnaGissel/Documents/MASTER/PFE/neo4j-community-2.3.0/lib/scala-reflect-2.11.7.jar
2015-10-23 12:46:54.812+0000 INFO  [o.n.k.i.DiagnosticsManager]  [classpath + loader.0] file:/C:/Users/AnaGissel/Documents/MASTER/PFE/neo4j-community-2.3.0/lib/neo4j-primitive-collections-2.3.0.jar
2015-10-23 12:46:54.812+0000 INFO  [o.n.k.i.DiagnosticsManager]  [classpath + loader.0] file:/C:/Users/AnaGissel/Documents/MASTER/PFE/neo4j-community-2.3.0/lib/scala-parser-combinators_2.11-1.0.4.jar
2015-10-23 12:46:54.813+0000 INFO  [o.n.k.i.DiagnosticsManager]  [classpath + loader.0] file:/C:/Users/AnaGissel/Documents/MASTER/PFE/neo4j-community-2.3.0/lib/scala-library-2.11.7.jar
2015-10-23 12:46:54.813+0000 INFO  [o.n.k.i.DiagnosticsManager]  [bootstrap] C:\Program Files\Java\jre1.8.0_60\lib\rt.jar
2015-10-23 12:46:54.813+0000 INFO  [o.n.k.i.DiagnosticsManager]  [loader.1] file:/C:/Program%20Files/Java/jre1.8.0_60/lib/ext/sunec.jar
2015-10-23 12:46:54.813+0000 INFO  [o.n.k.i.DiagnosticsManager]  [classpath + loader.0] file:/C:/Users/AnaGissel/Documents/MASTER/PFE/neo4j-community-2.3.0/lib/neo4j-unsafe-2.3.0.jar
2015-10-23 12:46:54.813+0000 INFO  [o.n.k.i.DiagnosticsManager]  [classpath + loader.0] file:/C:/Users/AnaGissel/Documents/MASTER/PFE/neo4j-community-2.3.0/lib/concurrentlinkedhashmap-lru-1.4.2.jar
2015-10-23 12:46:54.813+0000 INFO  [o.n.k.i.DiagnosticsManager]  [classpath + loader.0] file:/C:/Users/AnaGissel/Documents/MASTER/PFE/neo4j-community-2.3.0/lib/neo4j-function-2.3.0.jar
2015-10-23 12:46:54.813+0000 INFO  [o.n.k.i.DiagnosticsManager]  [loader.1] file:/C:/Program%20Files/Java/jre1.8.0_60/lib/ext/sunmscapi.jar
2015-10-23 12:46:54.814+0000 INFO  [o.n.k.i.DiagnosticsManager]  [classpath + loader.0] file:/C:/Users/AnaGissel/Documents/MASTER/PFE/neo4j-community-2.3.0/lib/jline-2.12.jar
2015-10-23 12:46:54.814+0000 INFO  [o.n.k.i.DiagnosticsManager]  [classpath + loader.0] file:/C:/Users/AnaGissel/Documents/MASTER/PFE/neo4j-community-2.3.0/lib/server-api-2.3.0.jar
2015-10-23 12:46:54.814+0000 INFO  [o.n.k.i.DiagnosticsManager]  [loader.1] file:/C:/Program%20Files/Java/jre1.8.0_60/lib/ext/localedata.jar
2015-10-23 12:46:54.814+0000 INFO  [o.n.k.i.DiagnosticsManager]  [loader.1] file:/C:/Program%20Files/Java/jre1.8.0_60/lib/ext/nashorn.jar
2015-10-23 12:46:54.815+0000 INFO  [o.n.k.i.DiagnosticsManager]  [bootstrap] C:\Program Files\Java\jre1.8.0_60\lib\sunrsasign.jar
2015-10-23 12:46:54.815+0000 INFO  [o.n.k.i.DiagnosticsManager]  [classpath + loader.0] file:/C:/Users/AnaGissel/Documents/MASTER/PFE/neo4j-community-2.3.0/lib/neo4j-cypher-compiler-2.2_2.11-2.2.6.jar
2015-10-23 12:46:54.815+0000 INFO  [o.n.k.i.DiagnosticsManager]  [classpath + loader.0] file:/C:/Users/AnaGissel/Documents/MASTER/PFE/neo4j-community-2.3.0/lib/neo4j-graph-algo-2.3.0.jar
2015-10-23 12:46:54.815+0000 INFO  [o.n.k.i.DiagnosticsManager]  [loader.1] file:/C:/Program%20Files/Java/jre1.8.0_60/lib/ext/zipfs.jar
2015-10-23 12:46:54.815+0000 INFO  [o.n.k.i.DiagnosticsManager]  [bootstrap] C:\Program Files\Java\jre1.8.0_60\lib\jce.jar
2015-10-23 12:46:54.815+0000 INFO  [o.n.k.i.DiagnosticsManager]  [loader.1] file:/C:/Program%20Files/Java/jre1.8.0_60/lib/ext/sunpkcs11.jar
2015-10-23 12:46:54.815+0000 INFO  [o.n.k.i.DiagnosticsManager]  [classpath + loader.0] file:/C:/Users/AnaGissel/Documents/MASTER/PFE/neo4j-community-2.3.0/lib/neo4j-jmx-2.3.0.jar
2015-10-23 12:46:54.815+0000 INFO  [o.n.k.i.DiagnosticsManager]  [classpath + loader.0] file:/C:/Users/AnaGissel/Documents/MASTER/PFE/neo4j-community-2.3.0/lib/neo4j-shell-2.3.0.jar
2015-10-23 12:46:54.816+0000 INFO  [o.n.k.i.DiagnosticsManager]  [classpath + loader.0] file:/C:/Users/AnaGissel/Documents/MASTER/PFE/neo4j-community-2.3.0/lib/neo4j-udc-2.3.0.jar
2015-10-23 12:46:54.816+0000 INFO  [o.n.k.i.DiagnosticsManager]  [classpath + loader.0] file:/C:/Users/AnaGissel/Documents/MASTER/PFE/neo4j-community-2.3.0/lib/neo4j-csv-2.3.0.jar
2015-10-23 12:46:54.816+0000 INFO  [o.n.k.i.DiagnosticsManager]  [classpath + loader.0] file:/C:/Users/AnaGissel/Documents/MASTER/PFE/neo4j-community-2.3.0/lib/neo4j-cypher-compiler-2.3-2.3.0.jar
2015-10-23 12:46:54.816+0000 INFO  [o.n.k.i.DiagnosticsManager]  [classpath + loader.0] file:/C:/Users/AnaGissel/Documents/MASTER/PFE/neo4j-community-2.3.0/lib/neo4j-logging-2.3.0.jar
2015-10-23 12:46:54.816+0000 INFO  [o.n.k.i.DiagnosticsManager]  [bootstrap] C:\Program Files\Java\jre1.8.0_60\lib\resources.jar
2015-10-23 12:46:54.816+0000 INFO  [o.n.k.i.DiagnosticsManager]  [classpath + loader.0] file:/C:/Users/AnaGissel/Documents/MASTER/PFE/neo4j-community-2.3.0/lib/neo4j-kernel-2.3.0.jar
2015-10-23 12:46:54.816+0000 INFO  [o.n.k.i.DiagnosticsManager]  [classpath + loader.0] file:/C:/Users/AnaGissel/Documents/MASTER/PFE/neo4j-community-2.3.0/lib/commons-lang3-3.3.2.jar
2015-10-23 12:46:54.816+0000 INFO  [o.n.k.i.DiagnosticsManager]  [loader.1] file:/C:/Program%20Files/Java/jre1.8.0_60/lib/ext/cldrdata.jar
2015-10-23 12:46:54.816+0000 INFO  [o.n.k.i.DiagnosticsManager]  [loader.1] file:/C:/Program%20Files/Java/jre1.8.0_60/lib/ext/sunjce_provider.jar
2015-10-23 12:46:54.816+0000 INFO  [o.n.k.i.DiagnosticsManager]  [classpath + loader.0] file:/C:/Users/AnaGissel/Documents/MASTER/PFE/neo4j-community-2.3.0/lib/opencsv-2.3.jar
2015-10-23 12:46:54.816+0000 INFO  [o.n.k.i.DiagnosticsManager]  [loader.1] file:/C:/Program%20Files/Java/jre1.8.0_60/lib/ext/jfxrt.jar
2015-10-23 12:46:54.816+0000 INFO  [o.n.k.i.DiagnosticsManager]  [loader.1] file:/C:/Program%20Files/Java/jre1.8.0_60/lib/ext/dnsns.jar
2015-10-23 12:46:54.816+0000 INFO  [o.n.k.i.DiagnosticsManager]  [bootstrap] C:\Program Files\Java\jre1.8.0_60\lib\jsse.jar
2015-10-23 12:46:54.817+0000 INFO  [o.n.k.i.DiagnosticsManager]  [classpath + loader.0] file:/C:/Users/AnaGissel/Documents/MASTER/PFE/neo4j-community-2.3.0/lib/parboiled-scala_2.11-1.1.7.jar
2015-10-23 12:46:54.817+0000 INFO  [o.n.k.i.DiagnosticsManager]  [bootstrap] C:\Program Files\Java\jre1.8.0_60\lib\jfr.jar
2015-10-23 12:46:54.817+0000 INFO  [o.n.k.i.DiagnosticsManager]  [classpath + loader.0] file:/C:/Users/AnaGissel/Documents/MASTER/PFE/neo4j-community-2.3.0/lib/neo4j-cypher-frontend-2.3-2.3.0.jar
2015-10-23 12:46:54.817+0000 INFO  [o.n.k.i.DiagnosticsManager]  [classpath + loader.0] file:/C:/Users/AnaGissel/Documents/MASTER/PFE/neo4j-community-2.3.0/lib/parboiled-core-1.1.7.jar
2015-10-23 12:46:54.817+0000 INFO  [o.n.k.i.DiagnosticsManager]  [loader.1] file:/C:/Program%20Files/Java/jre1.8.0_60/lib/ext/access-bridge-64.jar
2015-10-23 12:46:54.817+0000 INFO  [o.n.k.i.DiagnosticsManager]  [classpath + loader.0] file:/C:/Users/AnaGissel/Documents/MASTER/PFE/neo4j-community-2.3.0/lib/neo4j-lucene-index-2.3.0.jar
2015-10-23 12:46:54.817+0000 INFO  [o.n.k.i.DiagnosticsManager]  [classpath + loader.0] file:/C:/Users/AnaGissel/Documents/MASTER/PFE/Workspace/Neo4j-JavaAPI/bin/
2015-10-23 12:46:54.817+0000 INFO  [o.n.k.i.DiagnosticsManager]  [classpath + loader.0] file:/C:/Users/AnaGissel/Documents/MASTER/PFE/neo4j-community-2.3.0/lib/neo4j-io-2.3.0.jar
2015-10-23 12:46:54.817+0000 INFO  [o.n.k.i.DiagnosticsManager]  [bootstrap] C:\Program Files\Java\jre1.8.0_60\lib\charsets.jar
2015-10-23 12:46:54.817+0000 INFO  [o.n.k.i.DiagnosticsManager]  [classpath + loader.0] file:/C:/Users/AnaGissel/Documents/MASTER/PFE/neo4j-community-2.3.0/lib/neo4j-graph-matching-2.3.0.jar
2015-10-23 12:46:54.817+0000 INFO  [o.n.k.i.DiagnosticsManager]  [classpath + loader.0] file:/C:/Users/AnaGissel/Documents/MASTER/PFE/neo4j-community-2.3.0/lib/neo4j-consistency-check-legacy-2.3.0.jar
2015-10-23 12:46:54.817+0000 INFO  [o.n.k.i.DiagnosticsManager] Library path:
2015-10-23 12:46:54.818+0000 INFO  [o.n.k.i.DiagnosticsManager] C:\Program Files\Java\jre1.8.0_60\bin
2015-10-23 12:46:54.819+0000 INFO  [o.n.k.i.DiagnosticsManager] C:\Windows\Sun\Java\bin
2015-10-23 12:46:54.819+0000 INFO  [o.n.k.i.DiagnosticsManager] C:\Windows\System32
2015-10-23 12:46:54.820+0000 INFO  [o.n.k.i.DiagnosticsManager] C:\Windows
2015-10-23 12:46:54.820+0000 INFO  [o.n.k.i.DiagnosticsManager] C:\Program Files\Java\jre1.8.0_60\bin\server
2015-10-23 12:46:54.820+0000 INFO  [o.n.k.i.DiagnosticsManager] C:\Program Files\Java\jre1.8.0_60\bin
2015-10-23 12:46:54.820+0000 INFO  [o.n.k.i.DiagnosticsManager] C:\Program Files\Java\jre1.8.0_60\lib\amd64
2015-10-23 12:46:54.821+0000 INFO  [o.n.k.i.DiagnosticsManager] C:\ProgramData\Oracle\Java\javapath
2015-10-23 12:46:54.822+0000 INFO  [o.n.k.i.DiagnosticsManager] C:\Program Files (x86)\Lenovo\FusionEngine
2015-10-23 12:46:54.835+0000 INFO  [o.n.k.i.DiagnosticsManager] C:\Program Files (x86)\Intel\iCLS Client
2015-10-23 12:46:54.836+0000 INFO  [o.n.k.i.DiagnosticsManager] C:\Program Files\Intel\iCLS Client
2015-10-23 12:46:54.836+0000 INFO  [o.n.k.i.DiagnosticsManager] C:\Windows\System32
2015-10-23 12:46:54.836+0000 INFO  [o.n.k.i.DiagnosticsManager] C:\Windows
2015-10-23 12:46:54.837+0000 INFO  [o.n.k.i.DiagnosticsManager] C:\Windows\System32\wbem
2015-10-23 12:46:54.838+0000 INFO  [o.n.k.i.DiagnosticsManager] C:\Windows\System32\WindowsPowerShell\v1.0
2015-10-23 12:46:54.839+0000 INFO  [o.n.k.i.DiagnosticsManager] C:\Program Files\Intel\Intel(R) Management Engine Components\DAL
2015-10-23 12:46:54.840+0000 INFO  [o.n.k.i.DiagnosticsManager] C:\Program Files\Intel\Intel(R) Management Engine Components\IPT
2015-10-23 12:46:54.850+0000 INFO  [o.n.k.i.DiagnosticsManager] C:\Program Files (x86)\Intel\Intel(R) Management Engine Components\DAL
2015-10-23 12:46:54.850+0000 INFO  [o.n.k.i.DiagnosticsManager] C:\Program Files (x86)\Intel\Intel(R) Management Engine Components\IPT
2015-10-23 12:46:54.858+0000 INFO  [o.n.k.i.DiagnosticsManager] C:\Program Files (x86)\Common Files\LENOVO\easyplussdk\bin
2015-10-23 12:46:54.858+0000 INFO  [o.n.k.i.DiagnosticsManager] C:\Program Files (x86)\Skype\Phone
2015-10-23 12:46:54.859+0000 INFO  [o.n.k.i.DiagnosticsManager] C:\Program Files\nodejs
2015-10-23 12:46:54.859+0000 INFO  [o.n.k.i.DiagnosticsManager] C:\Program Files (x86)\Brackets\command
2015-10-23 12:46:54.876+0000 INFO  [o.n.k.i.DiagnosticsManager] C:\Program Files\Microsoft SQL Server\Client SDK\ODBC\110\Tools\Binn
2015-10-23 12:46:54.877+0000 INFO  [o.n.k.i.DiagnosticsManager] C:\Program Files (x86)\Microsoft SQL Server\120\Tools\Binn
2015-10-23 12:46:54.877+0000 INFO  [o.n.k.i.DiagnosticsManager] C:\Program Files\Microsoft SQL Server\120\Tools\Binn
2015-10-23 12:46:54.878+0000 INFO  [o.n.k.i.DiagnosticsManager] C:\Program Files\Microsoft SQL Server\120\DTS\Binn
2015-10-23 12:46:54.879+0000 INFO  [o.n.k.i.DiagnosticsManager] C:\Program Files (x86)\Microsoft SQL Server\120\Tools\Binn\ManagementStudio
2015-10-23 12:46:54.880+0000 INFO  [o.n.k.i.DiagnosticsManager] C:\Program Files (x86)\Microsoft SQL Server\120\DTS\Binn
2015-10-23 12:46:54.894+0000 INFO  [o.n.k.i.DiagnosticsManager] C:\Program Files (x86)\Windows Kits\8.1\Windows Performance Toolkit
2015-10-23 12:46:54.906+0000 INFO  [o.n.k.i.DiagnosticsManager] C:\Program Files\Microsoft SQL Server\110\Tools\Binn
2015-10-23 12:46:54.907+0000 INFO  [o.n.k.i.DiagnosticsManager] C:\Program Files (x86)\Microsoft SDKs\TypeScript\1.0
2015-10-23 12:46:54.908+0000 INFO  [o.n.k.i.DiagnosticsManager] C:\Users\AnaGissel\AppData\Local\Android\sdk
2015-10-23 12:46:54.908+0000 INFO  [o.n.k.i.DiagnosticsManager] C:\Users\AnaGissel\AppData\Local\Android\sdk\tools
2015-10-23 12:46:54.909+0000 INFO  [o.n.k.i.DiagnosticsManager] C:\Users\AnaGissel\AppData\Local\Android\sdk\platform-tools
2015-10-23 12:46:54.909+0000 INFO  [o.n.k.i.DiagnosticsManager] C:\Users\AnaGissel\AppData\Roaming\npm
2015-10-23 12:46:54.918+0000 INFO  [o.n.k.i.DiagnosticsManager] C:\Program Files\Git\bin
2015-10-23 12:46:54.918+0000 INFO  [o.n.k.i.DiagnosticsManager] C:\Users\AnaGissel\Desktop
2015-10-23 12:46:54.919+0000 INFO  [o.n.k.i.DiagnosticsManager] C:\Users\AnaGissel\Documents\MASTER\PFE\Workspace\Neo4j-JavaAPI
2015-10-23 12:46:54.920+0000 INFO  [o.n.k.i.DiagnosticsManager] C:\Users\AnaGissel\Documents\MASTER\PFE\Workspace\Neo4j-JavaAPI
2015-10-23 12:46:54.920+0000 INFO  [o.n.k.i.DiagnosticsManager] System.properties:
2015-10-23 12:46:54.937+0000 INFO  [o.n.k.i.DiagnosticsManager] sun.boot.library.path = C:\Program Files\Java\jre1.8.0_60\bin
2015-10-23 12:46:54.937+0000 INFO  [o.n.k.i.DiagnosticsManager] path.separator = ;
2015-10-23 12:46:54.937+0000 INFO  [o.n.k.i.DiagnosticsManager] file.encoding.pkg = sun.io
2015-10-23 12:46:54.938+0000 INFO  [o.n.k.i.DiagnosticsManager] user.country = US
2015-10-23 12:46:54.938+0000 INFO  [o.n.k.i.DiagnosticsManager] user.script = 
2015-10-23 12:46:54.938+0000 INFO  [o.n.k.i.DiagnosticsManager] sun.java.launcher = SUN_STANDARD
2015-10-23 12:46:54.938+0000 INFO  [o.n.k.i.DiagnosticsManager] sun.os.patch.level = 
2015-10-23 12:46:54.938+0000 INFO  [o.n.k.i.DiagnosticsManager] user.dir = C:\Users\AnaGissel\Documents\MASTER\PFE\Workspace\Neo4j-JavaAPI
2015-10-23 12:46:54.938+0000 INFO  [o.n.k.i.DiagnosticsManager] user.variant = 
2015-10-23 12:46:54.938+0000 INFO  [o.n.k.i.DiagnosticsManager] sun.jnu.encoding = Cp1252
2015-10-23 12:46:54.938+0000 INFO  [o.n.k.i.DiagnosticsManager] sun.management.compiler = HotSpot 64-Bit Tiered Compilers
2015-10-23 12:46:54.938+0000 INFO  [o.n.k.i.DiagnosticsManager] user.home = C:\Users\AnaGissel
2015-10-23 12:46:54.938+0000 INFO  [o.n.k.i.DiagnosticsManager] user.timezone = Europe/Paris
2015-10-23 12:46:54.938+0000 INFO  [o.n.k.i.DiagnosticsManager] file.encoding = Cp1252
2015-10-23 12:46:54.938+0000 INFO  [o.n.k.i.DiagnosticsManager] user.name = Ana Gissel
2015-10-23 12:46:54.938+0000 INFO  [o.n.k.i.DiagnosticsManager] sun.java.command = EmbeddedNeo4j
2015-10-23 12:46:54.938+0000 INFO  [o.n.k.i.DiagnosticsManager] sun.arch.data.model = 64
2015-10-23 12:46:54.938+0000 INFO  [o.n.k.i.DiagnosticsManager] user.language = en
2015-10-23 12:46:54.938+0000 INFO  [o.n.k.i.DiagnosticsManager] awt.toolkit = sun.awt.windows.WToolkit
2015-10-23 12:46:54.938+0000 INFO  [o.n.k.i.DiagnosticsManager] file.separator = \
2015-10-23 12:46:54.938+0000 INFO  [o.n.k.i.DiagnosticsManager] sun.io.unicode.encoding = UnicodeLittle
2015-10-23 12:46:54.939+0000 INFO  [o.n.k.i.DiagnosticsManager] sun.cpu.endian = little
2015-10-23 12:46:54.939+0000 INFO  [o.n.k.i.DiagnosticsManager] sun.desktop = windows
2015-10-23 12:46:54.939+0000 INFO  [o.n.k.i.DiagnosticsManager] sun.cpu.isalist = amd64
2015-10-23 12:46:54.939+0000 INFO  [o.n.k.i.DiagnosticsManager] Network information:
2015-10-23 12:46:55.273+0000 INFO  [o.n.k.i.DiagnosticsManager] Interface Software Loopback Interface 1:
2015-10-23 12:46:55.275+0000 INFO  [o.n.k.i.DiagnosticsManager]     address: 127.0.0.1
2015-10-23 12:46:55.275+0000 INFO  [o.n.k.i.DiagnosticsManager]     address: 0:0:0:0:0:0:0:1
2015-10-23 12:46:55.275+0000 INFO  [o.n.k.i.DiagnosticsManager] Interface Microsoft Kernel Debug Network Adapter:
2015-10-23 12:46:55.275+0000 INFO  [o.n.k.i.DiagnosticsManager] Interface Realtek PCIe GBE Family Controller:
2015-10-23 12:46:55.275+0000 INFO  [o.n.k.i.DiagnosticsManager]     address: fe80:0:0:0:2c90:957:2def:a45f%eth1
2015-10-23 12:46:55.275+0000 INFO  [o.n.k.i.DiagnosticsManager] Interface Microsoft 6to4 Adapter:
2015-10-23 12:46:55.276+0000 INFO  [o.n.k.i.DiagnosticsManager] Interface Qualcomm Atheros AR956x Wireless Network Adapter:
2015-10-23 12:46:55.276+0000 INFO  [o.n.k.i.DiagnosticsManager]     address: 172.19.186.153
2015-10-23 12:46:55.276+0000 INFO  [o.n.k.i.DiagnosticsManager]     address: fe80:0:0:0:d08:e25d:897e:749d%wlan0
2015-10-23 12:46:55.276+0000 INFO  [o.n.k.i.DiagnosticsManager] Interface Microsoft Wi-Fi Direct Virtual Adapter:
2015-10-23 12:46:55.276+0000 INFO  [o.n.k.i.DiagnosticsManager]     address: fe80:0:0:0:100d:b061:4682:3756%wlan1
2015-10-23 12:46:55.276+0000 INFO  [o.n.k.i.DiagnosticsManager] Interface Microsoft Hosted Network Virtual Adapter:
2015-10-23 12:46:55.276+0000 INFO  [o.n.k.i.DiagnosticsManager]     address: fe80:0:0:0:359f:94ba:968:d576%wlan2
2015-10-23 12:46:55.276+0000 INFO  [o.n.k.i.DiagnosticsManager] Interface Teredo Tunneling Pseudo-Interface:
2015-10-23 12:46:55.276+0000 INFO  [o.n.k.i.DiagnosticsManager] Interface Microsoft ISATAP Adapter #2:
2015-10-23 12:46:55.276+0000 INFO  [o.n.k.i.DiagnosticsManager] Interface Microsoft ISATAP Adapter #3:
2015-10-23 12:46:55.276+0000 INFO  [o.n.k.i.DiagnosticsManager] Interface VirtualBox Host-Only Ethernet Adapter:
2015-10-23 12:46:55.276+0000 INFO  [o.n.k.i.DiagnosticsManager]     address: 192.168.56.1
2015-10-23 12:46:55.276+0000 INFO  [o.n.k.i.DiagnosticsManager]     address: fe80:0:0:0:c17c:65f0:3b0b:4585%eth2
2015-10-23 12:46:55.277+0000 INFO  [o.n.k.i.DiagnosticsManager] Interface Microsoft ISATAP Adapter #4:
2015-10-23 12:46:55.277+0000 INFO  [o.n.k.i.DiagnosticsManager]     address: fe80:0:0:0:0:5efe:c0a8:3801%net4
2015-10-23 12:46:55.277+0000 INFO  [o.n.k.i.DiagnosticsManager] Interface Realtek PCIe GBE Family Controller - VirtualBox Bridged Networking Driver Miniport:
2015-10-23 12:46:55.277+0000 INFO  [o.n.k.i.DiagnosticsManager] Interface Qualcomm Atheros AR956x Wireless Network Adapter - VirtualBox Bridged Networking Driver Miniport:
2015-10-23 12:46:55.277+0000 INFO  [o.n.k.i.DiagnosticsManager] Interface Bluetooth Device (Personal Area Network):
2015-10-23 12:46:55.277+0000 INFO  [o.n.k.i.DiagnosticsManager]     address: fe80:0:0:0:b0e8:3eb1:6a38:20c%eth5
2015-10-23 12:46:55.277+0000 INFO  [o.n.k.i.DiagnosticsManager] Interface Bluetooth Device (RFCOMM Protocol TDI):
2015-10-23 12:46:55.277+0000 INFO  [o.n.k.i.DiagnosticsManager] Interface Microsoft ISATAP Adapter:
2015-10-23 12:46:55.277+0000 INFO  [o.n.k.i.DiagnosticsManager] Interface Microsoft ISATAP Adapter #5:
2015-10-23 12:46:55.277+0000 INFO  [o.n.k.i.DiagnosticsManager] Interface VirtualBox Host-Only Ethernet Adapter-WFP Native MAC Layer LightWeight Filter-0000:
2015-10-23 12:46:55.277+0000 INFO  [o.n.k.i.DiagnosticsManager] Interface VirtualBox Host-Only Ethernet Adapter-QoS Packet Scheduler-0000:
2015-10-23 12:46:55.277+0000 INFO  [o.n.k.i.DiagnosticsManager] Interface VirtualBox Host-Only Ethernet Adapter-WFP 802.3 MAC Layer LightWeight Filter-0000:
2015-10-23 12:46:55.277+0000 INFO  [o.n.k.i.DiagnosticsManager] Interface Realtek PCIe GBE Family Controller-WFP Native MAC Layer LightWeight Filter-0000:
2015-10-23 12:46:55.278+0000 INFO  [o.n.k.i.DiagnosticsManager] Interface Realtek PCIe GBE Family Controller - VirtualBox Bridged Networking Driver Miniport-QoS Packet Scheduler-0000:
2015-10-23 12:46:55.278+0000 INFO  [o.n.k.i.DiagnosticsManager] Interface Realtek PCIe GBE Family Controller - VirtualBox Bridged Networking Driver Miniport-WFP 802.3 MAC Layer LightWeight Filter-0000:
2015-10-23 12:46:55.278+0000 INFO  [o.n.k.i.DiagnosticsManager] Interface Qualcomm Atheros AR956x Wireless Network Adapter-WFP Native MAC Layer LightWeight Filter-0000:
2015-10-23 12:46:55.278+0000 INFO  [o.n.k.i.DiagnosticsManager] Interface Qualcomm Atheros AR956x Wireless Network Adapter-Virtual WiFi Filter Driver-0000:
2015-10-23 12:46:55.278+0000 INFO  [o.n.k.i.DiagnosticsManager] Interface Qualcomm Atheros AR956x Wireless Network Adapter-Native WiFi Filter Driver-0000:
2015-10-23 12:46:55.278+0000 INFO  [o.n.k.i.DiagnosticsManager] Interface Qualcomm Atheros AR956x Wireless Network Adapter - VirtualBox Bridged Networking Driver Miniport-QoS Packet Scheduler-0000:
2015-10-23 12:46:55.278+0000 INFO  [o.n.k.i.DiagnosticsManager] Interface Qualcomm Atheros AR956x Wireless Network Adapter - VirtualBox Bridged Networking Driver Miniport-WFP 802.3 MAC Layer LightWeight Filter-0000:
2015-10-23 12:46:55.278+0000 INFO  [o.n.k.i.DiagnosticsManager] Interface Microsoft Hosted Network Virtual Adapter-WFP Native MAC Layer LightWeight Filter-0000:
2015-10-23 12:46:55.278+0000 INFO  [o.n.k.i.DiagnosticsManager] Interface Microsoft Hosted Network Virtual Adapter-Native WiFi Filter Driver-0000:
2015-10-23 12:46:55.278+0000 INFO  [o.n.k.i.DiagnosticsManager] Interface Microsoft Hosted Network Virtual Adapter-QoS Packet Scheduler-0000:
2015-10-23 12:46:55.278+0000 INFO  [o.n.k.i.DiagnosticsManager] Interface Microsoft Hosted Network Virtual Adapter-WFP 802.3 MAC Layer LightWeight Filter-0000:
2015-10-23 12:46:55.278+0000 INFO  [o.n.k.i.DiagnosticsManager] Interface Microsoft Wi-Fi Direct Virtual Adapter-WFP Native MAC Layer LightWeight Filter-0000:
2015-10-23 12:46:55.279+0000 INFO  [o.n.k.i.DiagnosticsManager] Interface Microsoft Wi-Fi Direct Virtual Adapter-Native WiFi Filter Driver-0000:
2015-10-23 12:46:55.279+0000 INFO  [o.n.k.i.DiagnosticsManager] Interface Microsoft Wi-Fi Direct Virtual Adapter-QoS Packet Scheduler-0000:
2015-10-23 12:46:55.279+0000 INFO  [o.n.k.i.DiagnosticsManager] Interface Microsoft Wi-Fi Direct Virtual Adapter-WFP 802.3 MAC Layer LightWeight Filter-0000:
2015-10-23 12:46:55.279+0000 INFO  [o.n.k.i.DiagnosticsManager] --- INITIALIZED diagnostics END ---
2015-10-23 12:47:04.132+0000 INFO  [o.n.k.a.i.i.LuceneLabelScanStore] No lucene scan store index found, this might just be first use. Preparing to rebuild.
2015-10-23 12:47:04.353+0000 INFO  [o.n.k.NeoStoreDataSource] Opened logical log [C:\Users\AnaGissel\Documents\MASTER\PFE\Workspace\Neo4j-JavaAPI\target\neo4j-hello-db\neostore.transaction.db.0] version=0, lastTxId=1 (clean)
2015-10-23 12:47:04.375+0000 WARN  [o.n.k.i.s.MetaDataStore] Missing counts store, rebuilding it.
2015-10-23 12:47:04.657+0000 INFO  [o.n.k.a.i.i.LuceneLabelScanStore] Rebuilding lucene scan store, this may take a while
2015-10-23 12:47:04.660+0000 INFO  [o.n.k.a.i.i.LuceneLabelScanStore] Lucene scan store rebuilt (roughly -1 nodes)
2015-10-23 12:47:04.671+0000 INFO  [o.n.k.KernelHealth] Kernel health set to OK
2015-10-23 12:47:05.148+0000 INFO  [o.n.k.i.f.CommunityFacadeFactory] Database is now ready
2015-10-23 12:47:05.150+0000 INFO  [o.n.k.i.DiagnosticsManager] --- STARTED diagnostics for KernelDiagnostics:Versions START ---
2015-10-23 12:47:05.150+0000 INFO  [o.n.k.i.DiagnosticsManager] Graph Database: Community StoreId{creationTime=1445604420042, randomId=5232453022015853454, storeVersion=15250506225055238, upgradeTime=1445604420042, upgradeId=1}
2015-10-23 12:47:05.150+0000 INFO  [o.n.k.i.DiagnosticsManager] Kernel version: 2.3.0,c6c3a7b
2015-10-23 12:47:05.151+0000 INFO  [o.n.k.i.DiagnosticsManager] --- STARTED diagnostics for KernelDiagnostics:Versions END ---
2015-10-23 12:47:05.155+0000 INFO  [o.n.k.i.DiagnosticsManager] --- STARTED diagnostics for NEO_STORE_VERSIONS START ---
2015-10-23 12:47:05.155+0000 INFO  [o.n.k.i.DiagnosticsManager] Store versions:
2015-10-23 12:47:05.156+0000 INFO  [o.n.k.i.DiagnosticsManager] Store versions:
2015-10-23 12:47:05.156+0000 INFO  [o.n.k.i.DiagnosticsManager] ArrayPropertyStore v0.A.6
2015-10-23 12:47:05.156+0000 INFO  [o.n.k.i.DiagnosticsManager] NodeStore v0.A.6
2015-10-23 12:47:05.156+0000 INFO  [o.n.k.i.DiagnosticsManager] StringPropertyStore v0.A.6
2015-10-23 12:47:05.156+0000 INFO  [o.n.k.i.DiagnosticsManager] PropertyIndexStore v0.A.6
2015-10-23 12:47:05.157+0000 INFO  [o.n.k.i.DiagnosticsManager] StringPropertyStore v0.A.6
2015-10-23 12:47:05.157+0000 INFO  [o.n.k.i.DiagnosticsManager] ArrayPropertyStore v0.A.6
2015-10-23 12:47:05.157+0000 INFO  [o.n.k.i.DiagnosticsManager] PropertyStore v0.A.6
2015-10-23 12:47:05.157+0000 INFO  [o.n.k.i.DiagnosticsManager] RelationshipStore v0.A.6
2015-10-23 12:47:05.157+0000 INFO  [o.n.k.i.DiagnosticsManager] StringPropertyStore v0.A.6
2015-10-23 12:47:05.157+0000 INFO  [o.n.k.i.DiagnosticsManager] RelationshipTypeStore v0.A.6
2015-10-23 12:47:05.158+0000 INFO  [o.n.k.i.DiagnosticsManager] StringPropertyStore v0.A.6
2015-10-23 12:47:05.158+0000 INFO  [o.n.k.i.DiagnosticsManager] LabelTokenStore v0.A.6
2015-10-23 12:47:05.158+0000 INFO  [o.n.k.i.DiagnosticsManager] SchemaStore v0.A.6
2015-10-23 12:47:05.158+0000 INFO  [o.n.k.i.DiagnosticsManager] RelationshipGroupStore v0.A.6
2015-10-23 12:47:05.158+0000 INFO  [o.n.k.i.DiagnosticsManager] NeoStore v0.A.6
2015-10-23 12:47:05.158+0000 INFO  [o.n.k.i.DiagnosticsManager] --- STARTED diagnostics for NEO_STORE_VERSIONS END ---
2015-10-23 12:47:05.159+0000 INFO  [o.n.k.i.DiagnosticsManager] --- STARTED diagnostics for NEO_STORE_ID_USAGE START ---
2015-10-23 12:47:05.159+0000 INFO  [o.n.k.i.DiagnosticsManager] Id usage:
2015-10-23 12:47:05.159+0000 INFO  [o.n.k.i.DiagnosticsManager] Id usage:
2015-10-23 12:47:05.159+0000 INFO  [o.n.k.i.DiagnosticsManager]   ArrayPropertyStore v0.A.6: used=1 high=0
2015-10-23 12:47:05.160+0000 INFO  [o.n.k.i.DiagnosticsManager]   NodeStore v0.A.6: used=0 high=-1
2015-10-23 12:47:05.160+0000 INFO  [o.n.k.i.DiagnosticsManager]   StringPropertyStore v0.A.6: used=1 high=0
2015-10-23 12:47:05.160+0000 INFO  [o.n.k.i.DiagnosticsManager]   PropertyIndexStore v0.A.6: used=0 high=-1
2015-10-23 12:47:05.160+0000 INFO  [o.n.k.i.DiagnosticsManager]   StringPropertyStore v0.A.6: used=1 high=0
2015-10-23 12:47:05.161+0000 INFO  [o.n.k.i.DiagnosticsManager]   ArrayPropertyStore v0.A.6: used=1 high=0
2015-10-23 12:47:05.161+0000 INFO  [o.n.k.i.DiagnosticsManager]   PropertyStore v0.A.6: used=0 high=-1
2015-10-23 12:47:05.161+0000 INFO  [o.n.k.i.DiagnosticsManager]   RelationshipStore v0.A.6: used=0 high=-1
2015-10-23 12:47:05.162+0000 INFO  [o.n.k.i.DiagnosticsManager]   StringPropertyStore v0.A.6: used=1 high=0
2015-10-23 12:47:05.162+0000 INFO  [o.n.k.i.DiagnosticsManager]   RelationshipTypeStore v0.A.6: used=0 high=-1
2015-10-23 12:47:05.162+0000 INFO  [o.n.k.i.DiagnosticsManager]   StringPropertyStore v0.A.6: used=1 high=0
2015-10-23 12:47:05.162+0000 INFO  [o.n.k.i.DiagnosticsManager]   LabelTokenStore v0.A.6: used=0 high=-1
2015-10-23 12:47:05.163+0000 INFO  [o.n.k.i.DiagnosticsManager]   SchemaStore v0.A.6: used=1 high=0
2015-10-23 12:47:05.163+0000 INFO  [o.n.k.i.DiagnosticsManager]   RelationshipGroupStore v0.A.6: used=1 high=0
2015-10-23 12:47:05.163+0000 INFO  [o.n.k.i.DiagnosticsManager]   NeoStore v0.A.6: used=13 high=12
2015-10-23 12:47:05.163+0000 INFO  [o.n.k.i.DiagnosticsManager] --- STARTED diagnostics for NEO_STORE_ID_USAGE END ---
2015-10-23 12:47:05.164+0000 INFO  [o.n.k.i.DiagnosticsManager] --- STARTED diagnostics for NEO_STORE_RECORDS START ---
2015-10-23 12:47:05.164+0000 INFO  [o.n.k.i.DiagnosticsManager] Neostore records:
2015-10-23 12:47:05.165+0000 INFO  [o.n.k.i.DiagnosticsManager] TIME (Creation time): 1445604420042
2015-10-23 12:47:05.165+0000 INFO  [o.n.k.i.DiagnosticsManager] RANDOM_NUMBER (Random number for store id): 5232453022015853454
2015-10-23 12:47:05.165+0000 INFO  [o.n.k.i.DiagnosticsManager] LOG_VERSION (Current log version): 0
2015-10-23 12:47:05.165+0000 INFO  [o.n.k.i.DiagnosticsManager] LAST_TRANSACTION_ID (Last committed transaction): 1
2015-10-23 12:47:05.166+0000 INFO  [o.n.k.i.DiagnosticsManager] STORE_VERSION (Store format version): 15250506225055238
2015-10-23 12:47:05.166+0000 INFO  [o.n.k.i.DiagnosticsManager] FIRST_GRAPH_PROPERTY (First property record containing graph properties): -1
2015-10-23 12:47:05.166+0000 INFO  [o.n.k.i.DiagnosticsManager] LAST_CONSTRAINT_TRANSACTION (Last committed transaction containing constraint changes): 0
2015-10-23 12:47:05.166+0000 INFO  [o.n.k.i.DiagnosticsManager] UPGRADE_TRANSACTION_ID (Transaction id most recent upgrade was performed at): 1
2015-10-23 12:47:05.166+0000 INFO  [o.n.k.i.DiagnosticsManager] UPGRADE_TIME (Time of last upgrade): 1445604420042
2015-10-23 12:47:05.167+0000 INFO  [o.n.k.i.DiagnosticsManager] LAST_TRANSACTION_CHECKSUM (Checksum of last committed transaction): 0
2015-10-23 12:47:05.167+0000 INFO  [o.n.k.i.DiagnosticsManager] UPGRADE_TRANSACTION_CHECKSUM (Checksum of transaction id the most recent upgrade was performed at): 0
2015-10-23 12:47:05.167+0000 INFO  [o.n.k.i.DiagnosticsManager] LAST_CLOSED_TRANSACTION_LOG_VERSION (Log version where the last transaction commit entry has been written into): 0
2015-10-23 12:47:05.167+0000 INFO  [o.n.k.i.DiagnosticsManager] LAST_CLOSED_TRANSACTION_LOG_BYTE_OFFSET (Byte offset in the log file where the last transaction commit entry has been written into): 16
2015-10-23 12:47:05.167+0000 INFO  [o.n.k.i.DiagnosticsManager] --- STARTED diagnostics for NEO_STORE_RECORDS END ---
2015-10-23 12:47:05.167+0000 INFO  [o.n.k.i.DiagnosticsManager] --- STARTED diagnostics for TRANSACTION_RANGE START ---
2015-10-23 12:47:05.168+0000 INFO  [o.n.k.i.DiagnosticsManager] Transaction log:
2015-10-23 12:47:05.170+0000 INFO  [o.n.k.i.DiagnosticsManager] No transactions found in any log
2015-10-23 12:47:05.170+0000 INFO  [o.n.k.i.DiagnosticsManager] --- STARTED diagnostics for TRANSACTION_RANGE END ---
2015-10-23 12:47:05.170+0000 INFO  [o.n.k.i.DiagnosticsManager] --- STARTED diagnostics for KernelDiagnostics:StoreFiles START ---
2015-10-23 12:47:05.174+0000 INFO  [o.n.k.i.DiagnosticsManager] Disk space on partition (Total / Free / Free %): 457499996160 / 297869307904 / 65
Storage files: (filename : modification date - size)
2015-10-23 12:47:05.176+0000 INFO  [o.n.k.i.DiagnosticsManager]   index:
2015-10-23 12:47:05.177+0000 INFO  [o.n.k.i.DiagnosticsManager]   - Total: 2015-10-23T14:47:04+0200 - 0.00 B
2015-10-23 12:47:05.177+0000 INFO  [o.n.k.i.DiagnosticsManager]   messages.log: 2015-10-23T14:46:57+0200 - 34.78 kB
2015-10-23 12:47:05.178+0000 INFO  [o.n.k.i.DiagnosticsManager]   neostore: 2015-10-23T14:47:03+0200 - 8.00 kB
2015-10-23 12:47:05.179+0000 INFO  [o.n.k.i.DiagnosticsManager]   neostore.counts.db.a: 2015-10-23T14:47:04+0200 - 96.00 B
2015-10-23 12:47:05.179+0000 INFO  [o.n.k.i.DiagnosticsManager]   neostore.id: 2015-10-23T14:47:03+0200 - 9.00 B
2015-10-23 12:47:05.180+0000 INFO  [o.n.k.i.DiagnosticsManager]   neostore.labeltokenstore.db: 2015-10-23T14:46:58+0200 - 0.00 B
2015-10-23 12:47:05.180+0000 INFO  [o.n.k.i.DiagnosticsManager]   neostore.labeltokenstore.db.id: 2015-10-23T14:46:58+0200 - 9.00 B
2015-10-23 12:47:05.181+0000 INFO  [o.n.k.i.DiagnosticsManager]   neostore.labeltokenstore.db.names: 2015-10-23T14:46:58+0200 - 8.00 kB
2015-10-23 12:47:05.181+0000 INFO  [o.n.k.i.DiagnosticsManager]   neostore.labeltokenstore.db.names.id: 2015-10-23T14:46:58+0200 - 9.00 B
2015-10-23 12:47:05.182+0000 INFO  [o.n.k.i.DiagnosticsManager]   neostore.nodestore.db: 2015-10-23T14:46:56+0200 - 0.00 B
2015-10-23 12:47:05.182+0000 INFO  [o.n.k.i.DiagnosticsManager]   neostore.nodestore.db.id: 2015-10-23T14:46:56+0200 - 9.00 B
2015-10-23 12:47:05.183+0000 INFO  [o.n.k.i.DiagnosticsManager]   neostore.nodestore.db.labels: 2015-10-23T14:46:56+0200 - 8.00 kB
2015-10-23 12:47:05.183+0000 INFO  [o.n.k.i.DiagnosticsManager]   neostore.nodestore.db.labels.id: 2015-10-23T14:46:56+0200 - 9.00 B
2015-10-23 12:47:05.184+0000 INFO  [o.n.k.i.DiagnosticsManager]   neostore.propertystore.db: 2015-10-23T14:46:57+0200 - 0.00 B
2015-10-23 12:47:05.185+0000 INFO  [o.n.k.i.DiagnosticsManager]   neostore.propertystore.db.arrays: 2015-10-23T14:46:57+0200 - 8.00 kB
2015-10-23 12:47:05.185+0000 INFO  [o.n.k.i.DiagnosticsManager]   neostore.propertystore.db.arrays.id: 2015-10-23T14:46:57+0200 - 9.00 B
2015-10-23 12:47:05.185+0000 INFO  [o.n.k.i.DiagnosticsManager]   neostore.propertystore.db.id: 2015-10-23T14:46:57+0200 - 9.00 B
2015-10-23 12:47:05.186+0000 INFO  [o.n.k.i.DiagnosticsManager]   neostore.propertystore.db.index: 2015-10-23T14:46:56+0200 - 0.00 B
2015-10-23 12:47:05.186+0000 INFO  [o.n.k.i.DiagnosticsManager]   neostore.propertystore.db.index.id: 2015-10-23T14:46:56+0200 - 9.00 B
2015-10-23 12:47:05.187+0000 INFO  [o.n.k.i.DiagnosticsManager]   neostore.propertystore.db.index.keys: 2015-10-23T14:46:56+0200 - 8.00 kB
2015-10-23 12:47:05.188+0000 INFO  [o.n.k.i.DiagnosticsManager]   neostore.propertystore.db.index.keys.id: 2015-10-23T14:46:56+0200 - 9.00 B
2015-10-23 12:47:05.188+0000 INFO  [o.n.k.i.DiagnosticsManager]   neostore.propertystore.db.strings: 2015-10-23T14:46:57+0200 - 8.00 kB
2015-10-23 12:47:05.188+0000 INFO  [o.n.k.i.DiagnosticsManager]   neostore.propertystore.db.strings.id: 2015-10-23T14:46:57+0200 - 9.00 B
2015-10-23 12:47:05.189+0000 INFO  [o.n.k.i.DiagnosticsManager]   neostore.relationshipgroupstore.db: 2015-10-23T14:46:59+0200 - 8.00 kB
2015-10-23 12:47:05.190+0000 INFO  [o.n.k.i.DiagnosticsManager]   neostore.relationshipgroupstore.db.id: 2015-10-23T14:46:59+0200 - 9.00 B
2015-10-23 12:47:05.190+0000 INFO  [o.n.k.i.DiagnosticsManager]   neostore.relationshipstore.db: 2015-10-23T14:46:57+0200 - 0.00 B
2015-10-23 12:47:05.191+0000 INFO  [o.n.k.i.DiagnosticsManager]   neostore.relationshipstore.db.id: 2015-10-23T14:46:57+0200 - 9.00 B
2015-10-23 12:47:05.191+0000 INFO  [o.n.k.i.DiagnosticsManager]   neostore.relationshiptypestore.db: 2015-10-23T14:46:58+0200 - 0.00 B
2015-10-23 12:47:05.192+0000 INFO  [o.n.k.i.DiagnosticsManager]   neostore.relationshiptypestore.db.id: 2015-10-23T14:46:58+0200 - 9.00 B
2015-10-23 12:47:05.192+0000 INFO  [o.n.k.i.DiagnosticsManager]   neostore.relationshiptypestore.db.names: 2015-10-23T14:46:58+0200 - 8.00 kB
2015-10-23 12:47:05.193+0000 INFO  [o.n.k.i.DiagnosticsManager]   neostore.relationshiptypestore.db.names.id: 2015-10-23T14:46:58+0200 - 9.00 B
2015-10-23 12:47:05.193+0000 INFO  [o.n.k.i.DiagnosticsManager]   neostore.schemastore.db: 2015-10-23T14:46:59+0200 - 8.00 kB
2015-10-23 12:47:05.194+0000 INFO  [o.n.k.i.DiagnosticsManager]   neostore.schemastore.db.id: 2015-10-23T14:46:59+0200 - 9.00 B
2015-10-23 12:47:05.194+0000 INFO  [o.n.k.i.DiagnosticsManager]   neostore.transaction.db.0: 2015-10-23T14:47:04+0200 - 16.00 B
2015-10-23 12:47:05.194+0000 INFO  [o.n.k.i.DiagnosticsManager]   schema:
2015-10-23 12:47:05.195+0000 INFO  [o.n.k.i.DiagnosticsManager]     label:
2015-10-23 12:47:05.195+0000 INFO  [o.n.k.i.DiagnosticsManager]       lucene:
2015-10-23 12:47:05.196+0000 INFO  [o.n.k.i.DiagnosticsManager]         write.lock: 2015-10-23T14:47:04+0200 - 0.00 B
2015-10-23 12:47:05.197+0000 INFO  [o.n.k.i.DiagnosticsManager]       - Total: 2015-10-23T14:47:04+0200 - 0.00 B
2015-10-23 12:47:05.197+0000 INFO  [o.n.k.i.DiagnosticsManager]     - Total: 2015-10-23T14:47:04+0200 - 0.00 B
2015-10-23 12:47:05.197+0000 INFO  [o.n.k.i.DiagnosticsManager]   - Total: 2015-10-23T14:47:04+0200 - 0.00 B
2015-10-23 12:47:05.198+0000 INFO  [o.n.k.i.DiagnosticsManager]   store_lock: 2015-10-23T14:46:55+0200 - 0.00 B
2015-10-23 12:47:05.198+0000 INFO  [o.n.k.i.DiagnosticsManager] --- STARTED diagnostics for KernelDiagnostics:StoreFiles END ---
2015-10-23 12:47:05.687+0000 INFO  [o.n.k.i.f.GraphDatabaseFacade] Shutdown started
2015-10-23 12:47:05.688+0000 INFO  [o.n.k.i.f.CommunityFacadeFactory] Database is now unavailable
2015-10-23 12:47:06.009+0000 INFO  [o.n.k.i.s.c.CountsTracker] About to rotate counts store at transaction 5 to [C:\Users\AnaGissel\Documents\MASTER\PFE\Workspace\Neo4j-JavaAPI\target\neo4j-hello-db\neostore.counts.db.b], from [C:\Users\AnaGissel\Documents\MASTER\PFE\Workspace\Neo4j-JavaAPI\target\neo4j-hello-db\neostore.counts.db.a].
2015-10-23 12:47:06.013+0000 INFO  [o.n.k.i.s.c.CountsTracker] Successfully rotated counts store at transaction 5 to [C:\Users\AnaGissel\Documents\MASTER\PFE\Workspace\Neo4j-JavaAPI\target\neo4j-hello-db\neostore.counts.db.b], from [C:\Users\AnaGissel\Documents\MASTER\PFE\Workspace\Neo4j-JavaAPI\target\neo4j-hello-db\neostore.counts.db.a].
2015-10-23 12:47:06.300+0000 INFO  [o.n.k.i.t.l.c.CheckPointerImpl] Check Pointing triggered by database shutdown [5]:  Starting check pointing...
2015-10-23 12:47:06.300+0000 INFO  [o.n.k.i.t.l.c.CheckPointerImpl] Check Pointing triggered by database shutdown [5]:  Starting store flush...
2015-10-23 12:47:06.319+0000 INFO  [o.n.k.i.t.l.c.CheckPointerImpl] Check Pointing triggered by database shutdown [5]:  Store flush completed
2015-10-23 12:47:06.319+0000 INFO  [o.n.k.i.t.l.c.CheckPointerImpl] Check Pointing triggered by database shutdown [5]:  Starting appending check point entry into the tx log...
2015-10-23 12:47:06.448+0000 INFO  [o.n.k.i.t.l.c.CheckPointerImpl] Check Pointing triggered by database shutdown [5]:  Appending check point entry into the tx log completed
2015-10-23 12:47:06.448+0000 INFO  [o.n.k.i.t.l.c.CheckPointerImpl] Check Pointing triggered by database shutdown [5]:  Check pointing completed
2015-10-23 12:47:06.448+0000 INFO  [o.n.k.i.t.l.p.LogPruningImpl] Log Rotation [0]:  Starting log pruning.
2015-10-23 12:47:06.449+0000 INFO  [o.n.k.i.t.l.p.LogPruningImpl] Log Rotation [0]:  Log pruning complete.
2015-10-23 12:47:08.478+0000 INFO  [o.n.k.NeoStoreDataSource] NeoStores closed
2015-10-23 12:47:08.479+0000 INFO  [o.n.k.i.DiagnosticsManager] --- STOPPING diagnostics START ---
2015-10-23 12:47:08.479+0000 INFO  [o.n.k.i.DiagnosticsManager] --- STOPPING diagnostics END ---
2015-10-23 13:54:18.906+0000 INFO  [o.n.k.i.f.CommunityFacadeFactory] No locking implementation specified, defaulting to 'community'
2015-10-23 13:54:19.250+0000 INFO  [o.n.k.i.DiagnosticsManager] --- INITIALIZED diagnostics START ---
2015-10-23 13:54:19.250+0000 INFO  [o.n.k.i.DiagnosticsManager] Neo4j Kernel properties:
2015-10-23 13:54:19.253+0000 INFO  [o.n.k.i.DiagnosticsManager] ephemeral=false
2015-10-23 13:54:19.253+0000 INFO  [o.n.k.i.DiagnosticsManager] edition=Community
2015-10-23 13:54:19.253+0000 INFO  [o.n.k.i.DiagnosticsManager] Diagnostics providers:
2015-10-23 13:54:19.253+0000 INFO  [o.n.k.i.DiagnosticsManager] org.neo4j.kernel.configuration.Config
2015-10-23 13:54:19.253+0000 INFO  [o.n.k.i.DiagnosticsManager] org.neo4j.kernel.info.DiagnosticsManager
2015-10-23 13:54:19.253+0000 INFO  [o.n.k.i.DiagnosticsManager] SYSTEM_MEMORY
2015-10-23 13:54:19.253+0000 INFO  [o.n.k.i.DiagnosticsManager] JAVA_MEMORY
2015-10-23 13:54:19.253+0000 INFO  [o.n.k.i.DiagnosticsManager] OPERATING_SYSTEM
2015-10-23 13:54:19.253+0000 INFO  [o.n.k.i.DiagnosticsManager] JAVA_VIRTUAL_MACHINE
2015-10-23 13:54:19.253+0000 INFO  [o.n.k.i.DiagnosticsManager] CLASSPATH
2015-10-23 13:54:19.253+0000 INFO  [o.n.k.i.DiagnosticsManager] LIBRARY_PATH
2015-10-23 13:54:19.254+0000 INFO  [o.n.k.i.DiagnosticsManager] SYSTEM_PROPERTIES
2015-10-23 13:54:19.254+0000 INFO  [o.n.k.i.DiagnosticsManager] NETWORK
2015-10-23 13:54:19.254+0000 INFO  [o.n.k.i.DiagnosticsManager] System memory information:
2015-10-23 13:54:19.261+0000 INFO  [o.n.k.i.DiagnosticsManager] Total Physical memory: 5.89 GB
2015-10-23 13:54:19.262+0000 INFO  [o.n.k.i.DiagnosticsManager] Free Physical memory: 908.80 MB
2015-10-23 13:54:19.262+0000 INFO  [o.n.k.i.DiagnosticsManager] Committed virtual memory: 211.50 MB
2015-10-23 13:54:19.262+0000 INFO  [o.n.k.i.DiagnosticsManager] Total swap space: 23.89 GB
2015-10-23 13:54:19.262+0000 INFO  [o.n.k.i.DiagnosticsManager] Free swap space: 12.78 GB
2015-10-23 13:54:19.263+0000 INFO  [o.n.k.i.DiagnosticsManager] JVM memory information:
2015-10-23 13:54:19.264+0000 INFO  [o.n.k.i.DiagnosticsManager] Free  memory: 61.88 MB
2015-10-23 13:54:19.264+0000 INFO  [o.n.k.i.DiagnosticsManager] Total memory: 92.00 MB
2015-10-23 13:54:19.264+0000 INFO  [o.n.k.i.DiagnosticsManager] Max   memory: 1.31 GB
2015-10-23 13:54:19.266+0000 INFO  [o.n.k.i.DiagnosticsManager] Garbage Collector: PS Scavenge: [PS Eden Space, PS Survivor Space]
2015-10-23 13:54:19.266+0000 INFO  [o.n.k.i.DiagnosticsManager] Garbage Collector: PS MarkSweep: [PS Eden Space, PS Survivor Space, PS Old Gen]
2015-10-23 13:54:19.268+0000 INFO  [o.n.k.i.DiagnosticsManager] Memory Pool: Code Cache (Non-heap memory): committed=2.63 MB, used=2.61 MB, max=240.00 MB, threshold=0.00 B
2015-10-23 13:54:19.268+0000 INFO  [o.n.k.i.DiagnosticsManager] Memory Pool: Metaspace (Non-heap memory): committed=7.63 MB, used=7.29 MB, max=-1.00 B, threshold=0.00 B
2015-10-23 13:54:19.269+0000 INFO  [o.n.k.i.DiagnosticsManager] Memory Pool: Compressed Class Space (Non-heap memory): committed=1.13 MB, used=1006.05 kB, max=1.00 GB, threshold=0.00 B
2015-10-23 13:54:19.270+0000 INFO  [o.n.k.i.DiagnosticsManager] Memory Pool: PS Eden Space (Heap memory): committed=24.00 MB, used=15.29 MB, max=495.00 MB, threshold=?
2015-10-23 13:54:19.270+0000 INFO  [o.n.k.i.DiagnosticsManager] Memory Pool: PS Survivor Space (Heap memory): committed=4.00 MB, used=3.99 MB, max=4.00 MB, threshold=?
2015-10-23 13:54:19.271+0000 INFO  [o.n.k.i.DiagnosticsManager] Memory Pool: PS Old Gen (Heap memory): committed=64.00 MB, used=10.84 MB, max=1007.00 MB, threshold=0.00 B
2015-10-23 13:54:19.271+0000 INFO  [o.n.k.i.DiagnosticsManager] Operating system information:
2015-10-23 13:54:19.272+0000 INFO  [o.n.k.i.DiagnosticsManager] Operating System: Windows 8.1; version: 6.3; arch: amd64; cpus: 4
2015-10-23 13:54:19.333+0000 INFO  [o.n.k.i.DiagnosticsManager] Process id: 8588@Gissel-PC
2015-10-23 13:54:19.333+0000 INFO  [o.n.k.i.DiagnosticsManager] Byte order: LITTLE_ENDIAN
2015-10-23 13:54:19.333+0000 INFO  [o.n.k.i.DiagnosticsManager] Local timezone: Europe/Paris
2015-10-23 13:54:19.334+0000 INFO  [o.n.k.i.DiagnosticsManager] JVM information:
2015-10-23 13:54:19.334+0000 INFO  [o.n.k.i.DiagnosticsManager] VM Name: Java HotSpot(TM) 64-Bit Server VM
2015-10-23 13:54:19.334+0000 INFO  [o.n.k.i.DiagnosticsManager] VM Vendor: Oracle Corporation
2015-10-23 13:54:19.334+0000 INFO  [o.n.k.i.DiagnosticsManager] VM Version: 25.60-b23
2015-10-23 13:54:19.334+0000 INFO  [o.n.k.i.DiagnosticsManager] JIT compiler: HotSpot 64-Bit Tiered Compilers
2015-10-23 13:54:19.335+0000 INFO  [o.n.k.i.DiagnosticsManager] VM Arguments: [-Dfile.encoding=Cp1252]
2015-10-23 13:54:19.335+0000 INFO  [o.n.k.i.DiagnosticsManager] Java classpath:
2015-10-23 13:54:19.338+0000 INFO  [o.n.k.i.DiagnosticsManager]  [classpath + loader.0] file:/C:/Users/AnaGissel/Documents/MASTER/PFE/neo4j-community-2.3.0/lib/neo4j-cypher-compiler-1.9_2.11-2.0.5.jar
2015-10-23 13:54:19.339+0000 INFO  [o.n.k.i.DiagnosticsManager]  [loader.1] file:/C:/Program%20Files/Java/jre1.8.0_60/lib/ext/jaccess.jar
2015-10-23 13:54:19.339+0000 INFO  [o.n.k.i.DiagnosticsManager]  [classpath + loader.0] file:/C:/Users/AnaGissel/Documents/MASTER/PFE/neo4j-community-2.3.0/lib/lucene-core-3.6.2.jar
2015-10-23 13:54:19.339+0000 INFO  [o.n.k.i.DiagnosticsManager]  [classpath + loader.0] file:/C:/Users/AnaGissel/Documents/MASTER/PFE/neo4j-community-2.3.0/lib/neo4j-consistency-check-2.3.0.jar
2015-10-23 13:54:19.339+0000 INFO  [o.n.k.i.DiagnosticsManager]  [classpath + loader.0] file:/C:/Users/AnaGissel/Documents/MASTER/PFE/neo4j-community-2.3.0/lib/neo4j-cypher-2.3.0.jar
2015-10-23 13:54:19.339+0000 INFO  [o.n.k.i.DiagnosticsManager]  [classpath + loader.0] file:/C:/Users/AnaGissel/Documents/MASTER/PFE/neo4j-community-2.3.0/lib/neo4j-import-tool-2.3.0.jar
2015-10-23 13:54:19.339+0000 INFO  [o.n.k.i.DiagnosticsManager]  [bootstrap] C:\Program Files\Java\jre1.8.0_60\classes
2015-10-23 13:54:19.339+0000 INFO  [o.n.k.i.DiagnosticsManager]  [classpath + loader.0] file:/C:/Users/AnaGissel/Documents/MASTER/PFE/neo4j-community-2.3.0/lib/neo4j-codegen-2.3.0.jar
2015-10-23 13:54:19.339+0000 INFO  [o.n.k.i.DiagnosticsManager]  [classpath + loader.0] file:/C:/Users/AnaGissel/Documents/MASTER/PFE/neo4j-community-2.3.0/lib/scala-reflect-2.11.7.jar
2015-10-23 13:54:19.339+0000 INFO  [o.n.k.i.DiagnosticsManager]  [classpath + loader.0] file:/C:/Users/AnaGissel/Documents/MASTER/PFE/neo4j-community-2.3.0/lib/neo4j-primitive-collections-2.3.0.jar
2015-10-23 13:54:19.339+0000 INFO  [o.n.k.i.DiagnosticsManager]  [classpath + loader.0] file:/C:/Users/AnaGissel/Documents/MASTER/PFE/neo4j-community-2.3.0/lib/scala-parser-combinators_2.11-1.0.4.jar
2015-10-23 13:54:19.339+0000 INFO  [o.n.k.i.DiagnosticsManager]  [classpath + loader.0] file:/C:/Users/AnaGissel/Documents/MASTER/PFE/neo4j-community-2.3.0/lib/scala-library-2.11.7.jar
2015-10-23 13:54:19.340+0000 INFO  [o.n.k.i.DiagnosticsManager]  [bootstrap] C:\Program Files\Java\jre1.8.0_60\lib\rt.jar
2015-10-23 13:54:19.340+0000 INFO  [o.n.k.i.DiagnosticsManager]  [loader.1] file:/C:/Program%20Files/Java/jre1.8.0_60/lib/ext/sunec.jar
2015-10-23 13:54:19.340+0000 INFO  [o.n.k.i.DiagnosticsManager]  [classpath + loader.0] file:/C:/Users/AnaGissel/Documents/MASTER/PFE/neo4j-community-2.3.0/lib/neo4j-unsafe-2.3.0.jar
2015-10-23 13:54:19.340+0000 INFO  [o.n.k.i.DiagnosticsManager]  [classpath + loader.0] file:/C:/Users/AnaGissel/Documents/MASTER/PFE/neo4j-community-2.3.0/lib/concurrentlinkedhashmap-lru-1.4.2.jar
2015-10-23 13:54:19.340+0000 INFO  [o.n.k.i.DiagnosticsManager]  [classpath + loader.0] file:/C:/Users/AnaGissel/Documents/MASTER/PFE/neo4j-community-2.3.0/lib/neo4j-function-2.3.0.jar
2015-10-23 13:54:19.340+0000 INFO  [o.n.k.i.DiagnosticsManager]  [loader.1] file:/C:/Program%20Files/Java/jre1.8.0_60/lib/ext/sunmscapi.jar
2015-10-23 13:54:19.340+0000 INFO  [o.n.k.i.DiagnosticsManager]  [classpath + loader.0] file:/C:/Users/AnaGissel/Documents/MASTER/PFE/neo4j-community-2.3.0/lib/jline-2.12.jar
2015-10-23 13:54:19.340+0000 INFO  [o.n.k.i.DiagnosticsManager]  [classpath + loader.0] file:/C:/Users/AnaGissel/Documents/MASTER/PFE/neo4j-community-2.3.0/lib/server-api-2.3.0.jar
2015-10-23 13:54:19.341+0000 INFO  [o.n.k.i.DiagnosticsManager]  [loader.1] file:/C:/Program%20Files/Java/jre1.8.0_60/lib/ext/localedata.jar
2015-10-23 13:54:19.341+0000 INFO  [o.n.k.i.DiagnosticsManager]  [loader.1] file:/C:/Program%20Files/Java/jre1.8.0_60/lib/ext/nashorn.jar
2015-10-23 13:54:19.341+0000 INFO  [o.n.k.i.DiagnosticsManager]  [bootstrap] C:\Program Files\Java\jre1.8.0_60\lib\sunrsasign.jar
2015-10-23 13:54:19.341+0000 INFO  [o.n.k.i.DiagnosticsManager]  [classpath + loader.0] file:/C:/Users/AnaGissel/Documents/MASTER/PFE/neo4j-community-2.3.0/lib/neo4j-cypher-compiler-2.2_2.11-2.2.6.jar
2015-10-23 13:54:19.341+0000 INFO  [o.n.k.i.DiagnosticsManager]  [classpath + loader.0] file:/C:/Users/AnaGissel/Documents/MASTER/PFE/neo4j-community-2.3.0/lib/neo4j-graph-algo-2.3.0.jar
2015-10-23 13:54:19.341+0000 INFO  [o.n.k.i.DiagnosticsManager]  [loader.1] file:/C:/Program%20Files/Java/jre1.8.0_60/lib/ext/zipfs.jar
2015-10-23 13:54:19.341+0000 INFO  [o.n.k.i.DiagnosticsManager]  [bootstrap] C:\Program Files\Java\jre1.8.0_60\lib\jce.jar
2015-10-23 13:54:19.341+0000 INFO  [o.n.k.i.DiagnosticsManager]  [loader.1] file:/C:/Program%20Files/Java/jre1.8.0_60/lib/ext/sunpkcs11.jar
2015-10-23 13:54:19.341+0000 INFO  [o.n.k.i.DiagnosticsManager]  [classpath + loader.0] file:/C:/Users/AnaGissel/Documents/MASTER/PFE/neo4j-community-2.3.0/lib/neo4j-jmx-2.3.0.jar
2015-10-23 13:54:19.342+0000 INFO  [o.n.k.i.DiagnosticsManager]  [classpath + loader.0] file:/C:/Users/AnaGissel/Documents/MASTER/PFE/neo4j-community-2.3.0/lib/neo4j-shell-2.3.0.jar
2015-10-23 13:54:19.342+0000 INFO  [o.n.k.i.DiagnosticsManager]  [classpath + loader.0] file:/C:/Users/AnaGissel/Documents/MASTER/PFE/neo4j-community-2.3.0/lib/neo4j-udc-2.3.0.jar
2015-10-23 13:54:19.342+0000 INFO  [o.n.k.i.DiagnosticsManager]  [classpath + loader.0] file:/C:/Users/AnaGissel/Documents/MASTER/PFE/neo4j-community-2.3.0/lib/neo4j-csv-2.3.0.jar
2015-10-23 13:54:19.342+0000 INFO  [o.n.k.i.DiagnosticsManager]  [classpath + loader.0] file:/C:/Users/AnaGissel/Documents/MASTER/PFE/neo4j-community-2.3.0/lib/neo4j-cypher-compiler-2.3-2.3.0.jar
2015-10-23 13:54:19.342+0000 INFO  [o.n.k.i.DiagnosticsManager]  [classpath + loader.0] file:/C:/Users/AnaGissel/Documents/MASTER/PFE/neo4j-community-2.3.0/lib/neo4j-logging-2.3.0.jar
2015-10-23 13:54:19.342+0000 INFO  [o.n.k.i.DiagnosticsManager]  [bootstrap] C:\Program Files\Java\jre1.8.0_60\lib\resources.jar
2015-10-23 13:54:19.342+0000 INFO  [o.n.k.i.DiagnosticsManager]  [classpath + loader.0] file:/C:/Users/AnaGissel/Documents/MASTER/PFE/neo4j-community-2.3.0/lib/neo4j-kernel-2.3.0.jar
2015-10-23 13:54:19.342+0000 INFO  [o.n.k.i.DiagnosticsManager]  [classpath + loader.0] file:/C:/Users/AnaGissel/Documents/MASTER/PFE/neo4j-community-2.3.0/lib/commons-lang3-3.3.2.jar
2015-10-23 13:54:19.342+0000 INFO  [o.n.k.i.DiagnosticsManager]  [loader.1] file:/C:/Program%20Files/Java/jre1.8.0_60/lib/ext/cldrdata.jar
2015-10-23 13:54:19.342+0000 INFO  [o.n.k.i.DiagnosticsManager]  [loader.1] file:/C:/Program%20Files/Java/jre1.8.0_60/lib/ext/sunjce_provider.jar
2015-10-23 13:54:19.343+0000 INFO  [o.n.k.i.DiagnosticsManager]  [classpath + loader.0] file:/C:/Users/AnaGissel/Documents/MASTER/PFE/neo4j-community-2.3.0/lib/opencsv-2.3.jar
2015-10-23 13:54:19.343+0000 INFO  [o.n.k.i.DiagnosticsManager]  [loader.1] file:/C:/Program%20Files/Java/jre1.8.0_60/lib/ext/jfxrt.jar
2015-10-23 13:54:19.343+0000 INFO  [o.n.k.i.DiagnosticsManager]  [loader.1] file:/C:/Program%20Files/Java/jre1.8.0_60/lib/ext/dnsns.jar
2015-10-23 13:54:19.343+0000 INFO  [o.n.k.i.DiagnosticsManager]  [bootstrap] C:\Program Files\Java\jre1.8.0_60\lib\jsse.jar
2015-10-23 13:54:19.343+0000 INFO  [o.n.k.i.DiagnosticsManager]  [classpath + loader.0] file:/C:/Users/AnaGissel/Documents/MASTER/PFE/neo4j-community-2.3.0/lib/parboiled-scala_2.11-1.1.7.jar
2015-10-23 13:54:19.343+0000 INFO  [o.n.k.i.DiagnosticsManager]  [bootstrap] C:\Program Files\Java\jre1.8.0_60\lib\jfr.jar
2015-10-23 13:54:19.343+0000 INFO  [o.n.k.i.DiagnosticsManager]  [classpath + loader.0] file:/C:/Users/AnaGissel/Documents/MASTER/PFE/neo4j-community-2.3.0/lib/neo4j-cypher-frontend-2.3-2.3.0.jar
2015-10-23 13:54:19.343+0000 INFO  [o.n.k.i.DiagnosticsManager]  [classpath + loader.0] file:/C:/Users/AnaGissel/Documents/MASTER/PFE/neo4j-community-2.3.0/lib/parboiled-core-1.1.7.jar
2015-10-23 13:54:19.343+0000 INFO  [o.n.k.i.DiagnosticsManager]  [loader.1] file:/C:/Program%20Files/Java/jre1.8.0_60/lib/ext/access-bridge-64.jar
2015-10-23 13:54:19.343+0000 INFO  [o.n.k.i.DiagnosticsManager]  [classpath + loader.0] file:/C:/Users/AnaGissel/Documents/MASTER/PFE/neo4j-community-2.3.0/lib/neo4j-lucene-index-2.3.0.jar
2015-10-23 13:54:19.343+0000 INFO  [o.n.k.i.DiagnosticsManager]  [classpath + loader.0] file:/C:/Users/AnaGissel/Documents/MASTER/PFE/Workspace/Neo4j-JavaAPI/bin/
2015-10-23 13:54:19.344+0000 INFO  [o.n.k.i.DiagnosticsManager]  [classpath + loader.0] file:/C:/Users/AnaGissel/Documents/MASTER/PFE/neo4j-community-2.3.0/lib/neo4j-io-2.3.0.jar
2015-10-23 13:54:19.344+0000 INFO  [o.n.k.i.DiagnosticsManager]  [bootstrap] C:\Program Files\Java\jre1.8.0_60\lib\charsets.jar
2015-10-23 13:54:19.344+0000 INFO  [o.n.k.i.DiagnosticsManager]  [classpath + loader.0] file:/C:/Users/AnaGissel/Documents/MASTER/PFE/neo4j-community-2.3.0/lib/neo4j-graph-matching-2.3.0.jar
2015-10-23 13:54:19.344+0000 INFO  [o.n.k.i.DiagnosticsManager]  [classpath + loader.0] file:/C:/Users/AnaGissel/Documents/MASTER/PFE/neo4j-community-2.3.0/lib/neo4j-consistency-check-legacy-2.3.0.jar
2015-10-23 13:54:19.344+0000 INFO  [o.n.k.i.DiagnosticsManager] Library path:
2015-10-23 13:54:19.345+0000 INFO  [o.n.k.i.DiagnosticsManager] C:\Program Files\Java\jre1.8.0_60\bin
2015-10-23 13:54:19.345+0000 INFO  [o.n.k.i.DiagnosticsManager] C:\Windows\Sun\Java\bin
2015-10-23 13:54:19.346+0000 INFO  [o.n.k.i.DiagnosticsManager] C:\Windows\System32
2015-10-23 13:54:19.346+0000 INFO  [o.n.k.i.DiagnosticsManager] C:\Windows
2015-10-23 13:54:19.347+0000 INFO  [o.n.k.i.DiagnosticsManager] C:\Program Files\Java\jre1.8.0_60\bin\server
2015-10-23 13:54:19.347+0000 INFO  [o.n.k.i.DiagnosticsManager] C:\Program Files\Java\jre1.8.0_60\bin
2015-10-23 13:54:19.347+0000 INFO  [o.n.k.i.DiagnosticsManager] C:\Program Files\Java\jre1.8.0_60\lib\amd64
2015-10-23 13:54:19.348+0000 INFO  [o.n.k.i.DiagnosticsManager] C:\ProgramData\Oracle\Java\javapath
2015-10-23 13:54:19.349+0000 INFO  [o.n.k.i.DiagnosticsManager] C:\Program Files (x86)\Lenovo\FusionEngine
2015-10-23 13:54:19.349+0000 INFO  [o.n.k.i.DiagnosticsManager] C:\Program Files (x86)\Intel\iCLS Client
2015-10-23 13:54:19.350+0000 INFO  [o.n.k.i.DiagnosticsManager] C:\Program Files\Intel\iCLS Client
2015-10-23 13:54:19.350+0000 INFO  [o.n.k.i.DiagnosticsManager] C:\Windows\System32
2015-10-23 13:54:19.350+0000 INFO  [o.n.k.i.DiagnosticsManager] C:\Windows
2015-10-23 13:54:19.351+0000 INFO  [o.n.k.i.DiagnosticsManager] C:\Windows\System32\wbem
2015-10-23 13:54:19.352+0000 INFO  [o.n.k.i.DiagnosticsManager] C:\Windows\System32\WindowsPowerShell\v1.0
2015-10-23 13:54:19.352+0000 INFO  [o.n.k.i.DiagnosticsManager] C:\Program Files\Intel\Intel(R) Management Engine Components\DAL
2015-10-23 13:54:19.353+0000 INFO  [o.n.k.i.DiagnosticsManager] C:\Program Files\Intel\Intel(R) Management Engine Components\IPT
2015-10-23 13:54:19.354+0000 INFO  [o.n.k.i.DiagnosticsManager] C:\Program Files (x86)\Intel\Intel(R) Management Engine Components\DAL
2015-10-23 13:54:19.354+0000 INFO  [o.n.k.i.DiagnosticsManager] C:\Program Files (x86)\Intel\Intel(R) Management Engine Components\IPT
2015-10-23 13:54:19.355+0000 INFO  [o.n.k.i.DiagnosticsManager] C:\Program Files (x86)\Common Files\LENOVO\easyplussdk\bin
2015-10-23 13:54:19.355+0000 INFO  [o.n.k.i.DiagnosticsManager] C:\Program Files (x86)\Skype\Phone
2015-10-23 13:54:19.356+0000 INFO  [o.n.k.i.DiagnosticsManager] C:\Program Files\nodejs
2015-10-23 13:54:19.356+0000 INFO  [o.n.k.i.DiagnosticsManager] C:\Program Files (x86)\Brackets\command
2015-10-23 13:54:19.358+0000 INFO  [o.n.k.i.DiagnosticsManager] C:\Program Files\Microsoft SQL Server\Client SDK\ODBC\110\Tools\Binn
2015-10-23 13:54:19.359+0000 INFO  [o.n.k.i.DiagnosticsManager] C:\Program Files (x86)\Microsoft SQL Server\120\Tools\Binn
2015-10-23 13:54:19.360+0000 INFO  [o.n.k.i.DiagnosticsManager] C:\Program Files\Microsoft SQL Server\120\Tools\Binn
2015-10-23 13:54:19.360+0000 INFO  [o.n.k.i.DiagnosticsManager] C:\Program Files\Microsoft SQL Server\120\DTS\Binn
2015-10-23 13:54:19.361+0000 INFO  [o.n.k.i.DiagnosticsManager] C:\Program Files (x86)\Microsoft SQL Server\120\Tools\Binn\ManagementStudio
2015-10-23 13:54:19.362+0000 INFO  [o.n.k.i.DiagnosticsManager] C:\Program Files (x86)\Microsoft SQL Server\120\DTS\Binn
2015-10-23 13:54:19.362+0000 INFO  [o.n.k.i.DiagnosticsManager] C:\Program Files (x86)\Windows Kits\8.1\Windows Performance Toolkit
2015-10-23 13:54:19.363+0000 INFO  [o.n.k.i.DiagnosticsManager] C:\Program Files\Microsoft SQL Server\110\Tools\Binn
2015-10-23 13:54:19.363+0000 INFO  [o.n.k.i.DiagnosticsManager] C:\Program Files (x86)\Microsoft SDKs\TypeScript\1.0
2015-10-23 13:54:19.364+0000 INFO  [o.n.k.i.DiagnosticsManager] C:\Users\AnaGissel\AppData\Local\Android\sdk
2015-10-23 13:54:19.365+0000 INFO  [o.n.k.i.DiagnosticsManager] C:\Users\AnaGissel\AppData\Local\Android\sdk\tools
2015-10-23 13:54:19.365+0000 INFO  [o.n.k.i.DiagnosticsManager] C:\Users\AnaGissel\AppData\Local\Android\sdk\platform-tools
2015-10-23 13:54:19.366+0000 INFO  [o.n.k.i.DiagnosticsManager] C:\Users\AnaGissel\AppData\Roaming\npm
2015-10-23 13:54:19.367+0000 INFO  [o.n.k.i.DiagnosticsManager] C:\Program Files\Git\bin
2015-10-23 13:54:19.367+0000 INFO  [o.n.k.i.DiagnosticsManager] C:\Users\AnaGissel\Desktop
2015-10-23 13:54:19.368+0000 INFO  [o.n.k.i.DiagnosticsManager] C:\Users\AnaGissel\Documents\MASTER\PFE\Workspace\Neo4j-JavaAPI
2015-10-23 13:54:19.368+0000 INFO  [o.n.k.i.DiagnosticsManager] C:\Users\AnaGissel\Documents\MASTER\PFE\Workspace\Neo4j-JavaAPI
2015-10-23 13:54:19.369+0000 INFO  [o.n.k.i.DiagnosticsManager] System.properties:
2015-10-23 13:54:19.369+0000 INFO  [o.n.k.i.DiagnosticsManager] sun.boot.library.path = C:\Program Files\Java\jre1.8.0_60\bin
2015-10-23 13:54:19.369+0000 INFO  [o.n.k.i.DiagnosticsManager] path.separator = ;
2015-10-23 13:54:19.369+0000 INFO  [o.n.k.i.DiagnosticsManager] file.encoding.pkg = sun.io
2015-10-23 13:54:19.369+0000 INFO  [o.n.k.i.DiagnosticsManager] user.country = US
2015-10-23 13:54:19.369+0000 INFO  [o.n.k.i.DiagnosticsManager] user.script = 
2015-10-23 13:54:19.369+0000 INFO  [o.n.k.i.DiagnosticsManager] sun.java.launcher = SUN_STANDARD
2015-10-23 13:54:19.369+0000 INFO  [o.n.k.i.DiagnosticsManager] sun.os.patch.level = 
2015-10-23 13:54:19.369+0000 INFO  [o.n.k.i.DiagnosticsManager] user.dir = C:\Users\AnaGissel\Documents\MASTER\PFE\Workspace\Neo4j-JavaAPI
2015-10-23 13:54:19.369+0000 INFO  [o.n.k.i.DiagnosticsManager] user.variant = 
2015-10-23 13:54:19.369+0000 INFO  [o.n.k.i.DiagnosticsManager] sun.jnu.encoding = Cp1252
2015-10-23 13:54:19.370+0000 INFO  [o.n.k.i.DiagnosticsManager] sun.management.compiler = HotSpot 64-Bit Tiered Compilers
2015-10-23 13:54:19.370+0000 INFO  [o.n.k.i.DiagnosticsManager] user.home = C:\Users\AnaGissel
2015-10-23 13:54:19.370+0000 INFO  [o.n.k.i.DiagnosticsManager] user.timezone = Europe/Paris
2015-10-23 13:54:19.370+0000 INFO  [o.n.k.i.DiagnosticsManager] file.encoding = Cp1252
2015-10-23 13:54:19.370+0000 INFO  [o.n.k.i.DiagnosticsManager] user.name = Ana Gissel
2015-10-23 13:54:19.370+0000 INFO  [o.n.k.i.DiagnosticsManager] sun.java.command = Neo4jJavaApiDbOperations
2015-10-23 13:54:19.370+0000 INFO  [o.n.k.i.DiagnosticsManager] sun.arch.data.model = 64
2015-10-23 13:54:19.370+0000 INFO  [o.n.k.i.DiagnosticsManager] user.language = en
2015-10-23 13:54:19.370+0000 INFO  [o.n.k.i.DiagnosticsManager] awt.toolkit = sun.awt.windows.WToolkit
2015-10-23 13:54:19.370+0000 INFO  [o.n.k.i.DiagnosticsManager] file.separator = \
2015-10-23 13:54:19.370+0000 INFO  [o.n.k.i.DiagnosticsManager] sun.io.unicode.encoding = UnicodeLittle
2015-10-23 13:54:19.370+0000 INFO  [o.n.k.i.DiagnosticsManager] sun.cpu.endian = little
2015-10-23 13:54:19.370+0000 INFO  [o.n.k.i.DiagnosticsManager] sun.desktop = windows
2015-10-23 13:54:19.370+0000 INFO  [o.n.k.i.DiagnosticsManager] sun.cpu.isalist = amd64
2015-10-23 13:54:19.370+0000 INFO  [o.n.k.i.DiagnosticsManager] Network information:
2015-10-23 13:54:19.646+0000 INFO  [o.n.k.i.DiagnosticsManager] Interface Software Loopback Interface 1:
2015-10-23 13:54:19.646+0000 INFO  [o.n.k.i.DiagnosticsManager]     address: 127.0.0.1
2015-10-23 13:54:19.646+0000 INFO  [o.n.k.i.DiagnosticsManager]     address: 0:0:0:0:0:0:0:1
2015-10-23 13:54:19.646+0000 INFO  [o.n.k.i.DiagnosticsManager] Interface Microsoft Kernel Debug Network Adapter:
2015-10-23 13:54:19.646+0000 INFO  [o.n.k.i.DiagnosticsManager] Interface Realtek PCIe GBE Family Controller:
2015-10-23 13:54:19.647+0000 INFO  [o.n.k.i.DiagnosticsManager]     address: fe80:0:0:0:2c90:957:2def:a45f%eth1
2015-10-23 13:54:19.647+0000 INFO  [o.n.k.i.DiagnosticsManager] Interface Microsoft 6to4 Adapter:
2015-10-23 13:54:19.647+0000 INFO  [o.n.k.i.DiagnosticsManager] Interface Qualcomm Atheros AR956x Wireless Network Adapter:
2015-10-23 13:54:19.647+0000 INFO  [o.n.k.i.DiagnosticsManager]     address: 172.19.186.153
2015-10-23 13:54:19.647+0000 INFO  [o.n.k.i.DiagnosticsManager]     address: fe80:0:0:0:d08:e25d:897e:749d%wlan0
2015-10-23 13:54:19.647+0000 INFO  [o.n.k.i.DiagnosticsManager] Interface Microsoft Wi-Fi Direct Virtual Adapter:
2015-10-23 13:54:19.647+0000 INFO  [o.n.k.i.DiagnosticsManager]     address: fe80:0:0:0:100d:b061:4682:3756%wlan1
2015-10-23 13:54:19.648+0000 INFO  [o.n.k.i.DiagnosticsManager] Interface Microsoft Hosted Network Virtual Adapter:
2015-10-23 13:54:19.648+0000 INFO  [o.n.k.i.DiagnosticsManager]     address: fe80:0:0:0:359f:94ba:968:d576%wlan2
2015-10-23 13:54:19.648+0000 INFO  [o.n.k.i.DiagnosticsManager] Interface Teredo Tunneling Pseudo-Interface:
2015-10-23 13:54:19.648+0000 INFO  [o.n.k.i.DiagnosticsManager] Interface Microsoft ISATAP Adapter #2:
2015-10-23 13:54:19.648+0000 INFO  [o.n.k.i.DiagnosticsManager] Interface Microsoft ISATAP Adapter #3:
2015-10-23 13:54:19.648+0000 INFO  [o.n.k.i.DiagnosticsManager] Interface VirtualBox Host-Only Ethernet Adapter:
2015-10-23 13:54:19.648+0000 INFO  [o.n.k.i.DiagnosticsManager]     address: 192.168.56.1
2015-10-23 13:54:19.648+0000 INFO  [o.n.k.i.DiagnosticsManager]     address: fe80:0:0:0:c17c:65f0:3b0b:4585%eth2
2015-10-23 13:54:19.648+0000 INFO  [o.n.k.i.DiagnosticsManager] Interface Microsoft ISATAP Adapter #4:
2015-10-23 13:54:19.649+0000 INFO  [o.n.k.i.DiagnosticsManager]     address: fe80:0:0:0:0:5efe:c0a8:3801%net4
2015-10-23 13:54:19.649+0000 INFO  [o.n.k.i.DiagnosticsManager] Interface Realtek PCIe GBE Family Controller - VirtualBox Bridged Networking Driver Miniport:
2015-10-23 13:54:19.649+0000 INFO  [o.n.k.i.DiagnosticsManager] Interface Qualcomm Atheros AR956x Wireless Network Adapter - VirtualBox Bridged Networking Driver Miniport:
2015-10-23 13:54:19.649+0000 INFO  [o.n.k.i.DiagnosticsManager] Interface Bluetooth Device (Personal Area Network):
2015-10-23 13:54:19.649+0000 INFO  [o.n.k.i.DiagnosticsManager]     address: fe80:0:0:0:b0e8:3eb1:6a38:20c%eth5
2015-10-23 13:54:19.649+0000 INFO  [o.n.k.i.DiagnosticsManager] Interface Bluetooth Device (RFCOMM Protocol TDI):
2015-10-23 13:54:19.649+0000 INFO  [o.n.k.i.DiagnosticsManager] Interface Microsoft ISATAP Adapter:
2015-10-23 13:54:19.649+0000 INFO  [o.n.k.i.DiagnosticsManager] Interface Microsoft ISATAP Adapter #5:
2015-10-23 13:54:19.649+0000 INFO  [o.n.k.i.DiagnosticsManager] Interface VirtualBox Host-Only Ethernet Adapter-WFP Native MAC Layer LightWeight Filter-0000:
2015-10-23 13:54:19.649+0000 INFO  [o.n.k.i.DiagnosticsManager] Interface VirtualBox Host-Only Ethernet Adapter-QoS Packet Scheduler-0000:
2015-10-23 13:54:19.650+0000 INFO  [o.n.k.i.DiagnosticsManager] Interface VirtualBox Host-Only Ethernet Adapter-WFP 802.3 MAC Layer LightWeight Filter-0000:
2015-10-23 13:54:19.650+0000 INFO  [o.n.k.i.DiagnosticsManager] Interface Realtek PCIe GBE Family Controller-WFP Native MAC Layer LightWeight Filter-0000:
2015-10-23 13:54:19.650+0000 INFO  [o.n.k.i.DiagnosticsManager] Interface Realtek PCIe GBE Family Controller - VirtualBox Bridged Networking Driver Miniport-QoS Packet Scheduler-0000:
2015-10-23 13:54:19.650+0000 INFO  [o.n.k.i.DiagnosticsManager] Interface Realtek PCIe GBE Family Controller - VirtualBox Bridged Networking Driver Miniport-WFP 802.3 MAC Layer LightWeight Filter-0000:
2015-10-23 13:54:19.650+0000 INFO  [o.n.k.i.DiagnosticsManager] Interface Qualcomm Atheros AR956x Wireless Network Adapter-WFP Native MAC Layer LightWeight Filter-0000:
2015-10-23 13:54:19.650+0000 INFO  [o.n.k.i.DiagnosticsManager] Interface Qualcomm Atheros AR956x Wireless Network Adapter-Virtual WiFi Filter Driver-0000:
2015-10-23 13:54:19.650+0000 INFO  [o.n.k.i.DiagnosticsManager] Interface Qualcomm Atheros AR956x Wireless Network Adapter-Native WiFi Filter Driver-0000:
2015-10-23 13:54:19.650+0000 INFO  [o.n.k.i.DiagnosticsManager] Interface Qualcomm Atheros AR956x Wireless Network Adapter - VirtualBox Bridged Networking Driver Miniport-QoS Packet Scheduler-0000:
2015-10-23 13:54:19.650+0000 INFO  [o.n.k.i.DiagnosticsManager] Interface Qualcomm Atheros AR956x Wireless Network Adapter - VirtualBox Bridged Networking Driver Miniport-WFP 802.3 MAC Layer LightWeight Filter-0000:
2015-10-23 13:54:19.650+0000 INFO  [o.n.k.i.DiagnosticsManager] Interface Microsoft Hosted Network Virtual Adapter-WFP Native MAC Layer LightWeight Filter-0000:
2015-10-23 13:54:19.650+0000 INFO  [o.n.k.i.DiagnosticsManager] Interface Microsoft Hosted Network Virtual Adapter-Native WiFi Filter Driver-0000:
2015-10-23 13:54:19.650+0000 INFO  [o.n.k.i.DiagnosticsManager] Interface Microsoft Hosted Network Virtual Adapter-QoS Packet Scheduler-0000:
2015-10-23 13:54:19.650+0000 INFO  [o.n.k.i.DiagnosticsManager] Interface Microsoft Hosted Network Virtual Adapter-WFP 802.3 MAC Layer LightWeight Filter-0000:
2015-10-23 13:54:19.650+0000 INFO  [o.n.k.i.DiagnosticsManager] Interface Microsoft Wi-Fi Direct Virtual Adapter-WFP Native MAC Layer LightWeight Filter-0000:
2015-10-23 13:54:19.650+0000 INFO  [o.n.k.i.DiagnosticsManager] Interface Microsoft Wi-Fi Direct Virtual Adapter-Native WiFi Filter Driver-0000:
2015-10-23 13:54:19.651+0000 INFO  [o.n.k.i.DiagnosticsManager] Interface Microsoft Wi-Fi Direct Virtual Adapter-QoS Packet Scheduler-0000:
2015-10-23 13:54:19.651+0000 INFO  [o.n.k.i.DiagnosticsManager] Interface Microsoft Wi-Fi Direct Virtual Adapter-WFP 802.3 MAC Layer LightWeight Filter-0000:
2015-10-23 13:54:19.651+0000 INFO  [o.n.k.i.DiagnosticsManager] --- INITIALIZED diagnostics END ---
2015-10-23 13:54:22.271+0000 INFO  [o.n.k.KernelHealth] Kernel health set to OK
2015-10-23 13:54:22.810+0000 INFO  [o.n.k.i.f.CommunityFacadeFactory] Database is now ready
2015-10-23 13:54:22.891+0000 INFO  [o.n.k.i.DiagnosticsManager] --- STARTED diagnostics for KernelDiagnostics:Versions START ---
2015-10-23 13:54:22.892+0000 INFO  [o.n.k.i.DiagnosticsManager] Graph Database: Community StoreId{creationTime=1445604420042, randomId=5232453022015853454, storeVersion=15250506225055238, upgradeTime=1445604420042, upgradeId=1}
2015-10-23 13:54:22.892+0000 INFO  [o.n.k.i.DiagnosticsManager] Kernel version: 2.3.0,c6c3a7b
2015-10-23 13:54:22.892+0000 INFO  [o.n.k.i.DiagnosticsManager] --- STARTED diagnostics for KernelDiagnostics:Versions END ---
2015-10-23 13:54:22.896+0000 INFO  [o.n.k.i.DiagnosticsManager] --- STARTED diagnostics for NEO_STORE_VERSIONS START ---
2015-10-23 13:54:22.896+0000 INFO  [o.n.k.i.DiagnosticsManager] Store versions:
2015-10-23 13:54:22.896+0000 INFO  [o.n.k.i.DiagnosticsManager] Store versions:
2015-10-23 13:54:22.896+0000 INFO  [o.n.k.i.DiagnosticsManager] ArrayPropertyStore v0.A.6
2015-10-23 13:54:22.896+0000 INFO  [o.n.k.i.DiagnosticsManager] NodeStore v0.A.6
2015-10-23 13:54:22.897+0000 INFO  [o.n.k.i.DiagnosticsManager] StringPropertyStore v0.A.6
2015-10-23 13:54:22.897+0000 INFO  [o.n.k.i.DiagnosticsManager] PropertyIndexStore v0.A.6
2015-10-23 13:54:22.897+0000 INFO  [o.n.k.i.DiagnosticsManager] StringPropertyStore v0.A.6
2015-10-23 13:54:22.897+0000 INFO  [o.n.k.i.DiagnosticsManager] ArrayPropertyStore v0.A.6
2015-10-23 13:54:22.897+0000 INFO  [o.n.k.i.DiagnosticsManager] PropertyStore v0.A.6
2015-10-23 13:54:22.898+0000 INFO  [o.n.k.i.DiagnosticsManager] RelationshipStore v0.A.6
2015-10-23 13:54:22.898+0000 INFO  [o.n.k.i.DiagnosticsManager] StringPropertyStore v0.A.6
2015-10-23 13:54:22.898+0000 INFO  [o.n.k.i.DiagnosticsManager] RelationshipTypeStore v0.A.6
2015-10-23 13:54:22.898+0000 INFO  [o.n.k.i.DiagnosticsManager] StringPropertyStore v0.A.6
2015-10-23 13:54:22.898+0000 INFO  [o.n.k.i.DiagnosticsManager] LabelTokenStore v0.A.6
2015-10-23 13:54:22.898+0000 INFO  [o.n.k.i.DiagnosticsManager] SchemaStore v0.A.6
2015-10-23 13:54:22.898+0000 INFO  [o.n.k.i.DiagnosticsManager] RelationshipGroupStore v0.A.6
2015-10-23 13:54:22.899+0000 INFO  [o.n.k.i.DiagnosticsManager] NeoStore v0.A.6
2015-10-23 13:54:22.899+0000 INFO  [o.n.k.i.DiagnosticsManager] --- STARTED diagnostics for NEO_STORE_VERSIONS END ---
2015-10-23 13:54:22.899+0000 INFO  [o.n.k.i.DiagnosticsManager] --- STARTED diagnostics for NEO_STORE_ID_USAGE START ---
2015-10-23 13:54:22.899+0000 INFO  [o.n.k.i.DiagnosticsManager] Id usage:
2015-10-23 13:54:22.899+0000 INFO  [o.n.k.i.DiagnosticsManager] Id usage:
2015-10-23 13:54:22.900+0000 INFO  [o.n.k.i.DiagnosticsManager]   ArrayPropertyStore v0.A.6: used=1 high=0
2015-10-23 13:54:22.900+0000 INFO  [o.n.k.i.DiagnosticsManager]   NodeStore v0.A.6: used=0 high=1
2015-10-23 13:54:22.900+0000 INFO  [o.n.k.i.DiagnosticsManager]   StringPropertyStore v0.A.6: used=2 high=1
2015-10-23 13:54:22.900+0000 INFO  [o.n.k.i.DiagnosticsManager]   PropertyIndexStore v0.A.6: used=1 high=0
2015-10-23 13:54:22.901+0000 INFO  [o.n.k.i.DiagnosticsManager]   StringPropertyStore v0.A.6: used=1 high=0
2015-10-23 13:54:22.901+0000 INFO  [o.n.k.i.DiagnosticsManager]   ArrayPropertyStore v0.A.6: used=1 high=0
2015-10-23 13:54:22.901+0000 INFO  [o.n.k.i.DiagnosticsManager]   PropertyStore v0.A.6: used=0 high=2
2015-10-23 13:54:22.902+0000 INFO  [o.n.k.i.DiagnosticsManager]   RelationshipStore v0.A.6: used=0 high=0
2015-10-23 13:54:22.902+0000 INFO  [o.n.k.i.DiagnosticsManager]   StringPropertyStore v0.A.6: used=2 high=1
2015-10-23 13:54:22.902+0000 INFO  [o.n.k.i.DiagnosticsManager]   RelationshipTypeStore v0.A.6: used=1 high=0
2015-10-23 13:54:22.902+0000 INFO  [o.n.k.i.DiagnosticsManager]   StringPropertyStore v0.A.6: used=1 high=0
2015-10-23 13:54:22.903+0000 INFO  [o.n.k.i.DiagnosticsManager]   LabelTokenStore v0.A.6: used=0 high=-1
2015-10-23 13:54:22.903+0000 INFO  [o.n.k.i.DiagnosticsManager]   SchemaStore v0.A.6: used=1 high=0
2015-10-23 13:54:22.903+0000 INFO  [o.n.k.i.DiagnosticsManager]   RelationshipGroupStore v0.A.6: used=1 high=0
2015-10-23 13:54:22.903+0000 INFO  [o.n.k.i.DiagnosticsManager]   NeoStore v0.A.6: used=13 high=12
2015-10-23 13:54:22.904+0000 INFO  [o.n.k.i.DiagnosticsManager] --- STARTED diagnostics for NEO_STORE_ID_USAGE END ---
2015-10-23 13:54:22.904+0000 INFO  [o.n.k.i.DiagnosticsManager] --- STARTED diagnostics for NEO_STORE_RECORDS START ---
2015-10-23 13:54:22.904+0000 INFO  [o.n.k.i.DiagnosticsManager] Neostore records:
2015-10-23 13:54:22.905+0000 INFO  [o.n.k.i.DiagnosticsManager] TIME (Creation time): 1445604420042
2015-10-23 13:54:22.905+0000 INFO  [o.n.k.i.DiagnosticsManager] RANDOM_NUMBER (Random number for store id): 5232453022015853454
2015-10-23 13:54:22.905+0000 INFO  [o.n.k.i.DiagnosticsManager] LOG_VERSION (Current log version): 0
2015-10-23 13:54:22.906+0000 INFO  [o.n.k.i.DiagnosticsManager] LAST_TRANSACTION_ID (Last committed transaction): 5
2015-10-23 13:54:22.906+0000 INFO  [o.n.k.i.DiagnosticsManager] STORE_VERSION (Store format version): 15250506225055238
2015-10-23 13:54:22.906+0000 INFO  [o.n.k.i.DiagnosticsManager] FIRST_GRAPH_PROPERTY (First property record containing graph properties): -1
2015-10-23 13:54:22.906+0000 INFO  [o.n.k.i.DiagnosticsManager] LAST_CONSTRAINT_TRANSACTION (Last committed transaction containing constraint changes): 0
2015-10-23 13:54:22.906+0000 INFO  [o.n.k.i.DiagnosticsManager] UPGRADE_TRANSACTION_ID (Transaction id most recent upgrade was performed at): 1
2015-10-23 13:54:22.906+0000 INFO  [o.n.k.i.DiagnosticsManager] UPGRADE_TIME (Time of last upgrade): 1445604420042
2015-10-23 13:54:22.907+0000 INFO  [o.n.k.i.DiagnosticsManager] LAST_TRANSACTION_CHECKSUM (Checksum of last committed transaction): -159948870862
2015-10-23 13:54:22.907+0000 INFO  [o.n.k.i.DiagnosticsManager] UPGRADE_TRANSACTION_CHECKSUM (Checksum of transaction id the most recent upgrade was performed at): 0
2015-10-23 13:54:22.907+0000 INFO  [o.n.k.i.DiagnosticsManager] LAST_CLOSED_TRANSACTION_LOG_VERSION (Log version where the last transaction commit entry has been written into): 0
2015-10-23 13:54:22.907+0000 INFO  [o.n.k.i.DiagnosticsManager] LAST_CLOSED_TRANSACTION_LOG_BYTE_OFFSET (Byte offset in the log file where the last transaction commit entry has been written into): 1285
2015-10-23 13:54:22.907+0000 INFO  [o.n.k.i.DiagnosticsManager] --- STARTED diagnostics for NEO_STORE_RECORDS END ---
2015-10-23 13:54:22.908+0000 INFO  [o.n.k.i.DiagnosticsManager] --- STARTED diagnostics for TRANSACTION_RANGE START ---
2015-10-23 13:54:22.908+0000 INFO  [o.n.k.i.DiagnosticsManager] Transaction log:
2015-10-23 13:54:22.910+0000 INFO  [o.n.k.i.DiagnosticsManager] Oldest transaction 2 found in log with version 0
2015-10-23 13:54:22.910+0000 INFO  [o.n.k.i.DiagnosticsManager] --- STARTED diagnostics for TRANSACTION_RANGE END ---
2015-10-23 13:54:22.911+0000 INFO  [o.n.k.i.DiagnosticsManager] --- STARTED diagnostics for KernelDiagnostics:StoreFiles START ---
2015-10-23 13:54:22.914+0000 INFO  [o.n.k.i.DiagnosticsManager] Disk space on partition (Total / Free / Free %): 457499996160 / 297838985216 / 65
Storage files: (filename : modification date - size)
2015-10-23 13:54:22.916+0000 INFO  [o.n.k.i.DiagnosticsManager]   index:
2015-10-23 13:54:22.916+0000 INFO  [o.n.k.i.DiagnosticsManager]   - Total: 2015-10-23T14:47:04+0200 - 0.00 B
2015-10-23 13:54:22.917+0000 INFO  [o.n.k.i.DiagnosticsManager]   messages.log: 2015-10-23T15:54:21+0200 - 76.31 kB
2015-10-23 13:54:22.918+0000 INFO  [o.n.k.i.DiagnosticsManager]   neostore: 2015-10-23T14:47:06+0200 - 8.00 kB
2015-10-23 13:54:22.918+0000 INFO  [o.n.k.i.DiagnosticsManager]   neostore.counts.db.a: 2015-10-23T14:47:04+0200 - 96.00 B
2015-10-23 13:54:22.919+0000 INFO  [o.n.k.i.DiagnosticsManager]   neostore.counts.db.b: 2015-10-23T14:47:06+0200 - 96.00 B
2015-10-23 13:54:22.919+0000 INFO  [o.n.k.i.DiagnosticsManager]   neostore.id: 2015-10-23T15:54:21+0200 - 9.00 B
2015-10-23 13:54:22.921+0000 INFO  [o.n.k.i.DiagnosticsManager]   neostore.labeltokenstore.db: 2015-10-23T14:46:58+0200 - 0.00 B
2015-10-23 13:54:22.921+0000 INFO  [o.n.k.i.DiagnosticsManager]   neostore.labeltokenstore.db.id: 2015-10-23T15:54:21+0200 - 9.00 B
2015-10-23 13:54:22.923+0000 INFO  [o.n.k.i.DiagnosticsManager]   neostore.labeltokenstore.db.names: 2015-10-23T14:46:58+0200 - 8.00 kB
2015-10-23 13:54:22.923+0000 INFO  [o.n.k.i.DiagnosticsManager]   neostore.labeltokenstore.db.names.id: 2015-10-23T15:54:21+0200 - 9.00 B
2015-10-23 13:54:22.924+0000 INFO  [o.n.k.i.DiagnosticsManager]   neostore.nodestore.db: 2015-10-23T14:47:06+0200 - 8.00 kB
2015-10-23 13:54:22.924+0000 INFO  [o.n.k.i.DiagnosticsManager]   neostore.nodestore.db.id: 2015-10-23T15:54:20+0200 - 25.00 B
2015-10-23 13:54:22.925+0000 INFO  [o.n.k.i.DiagnosticsManager]   neostore.nodestore.db.labels: 2015-10-23T14:46:56+0200 - 8.00 kB
2015-10-23 13:54:22.925+0000 INFO  [o.n.k.i.DiagnosticsManager]   neostore.nodestore.db.labels.id: 2015-10-23T15:54:20+0200 - 9.00 B
2015-10-23 13:54:22.926+0000 INFO  [o.n.k.i.DiagnosticsManager]   neostore.propertystore.db: 2015-10-23T14:47:06+0200 - 7.97 kB
2015-10-23 13:54:22.926+0000 INFO  [o.n.k.i.DiagnosticsManager]   neostore.propertystore.db.arrays: 2015-10-23T14:46:57+0200 - 8.00 kB
2015-10-23 13:54:22.927+0000 INFO  [o.n.k.i.DiagnosticsManager]   neostore.propertystore.db.arrays.id: 2015-10-23T15:54:20+0200 - 9.00 B
2015-10-23 13:54:22.927+0000 INFO  [o.n.k.i.DiagnosticsManager]   neostore.propertystore.db.id: 2015-10-23T15:54:20+0200 - 33.00 B
2015-10-23 13:54:22.928+0000 INFO  [o.n.k.i.DiagnosticsManager]   neostore.propertystore.db.index: 2015-10-23T14:47:06+0200 - 8.00 kB
2015-10-23 13:54:22.928+0000 INFO  [o.n.k.i.DiagnosticsManager]   neostore.propertystore.db.index.id: 2015-10-23T15:54:20+0200 - 9.00 B
2015-10-23 13:54:22.928+0000 INFO  [o.n.k.i.DiagnosticsManager]   neostore.propertystore.db.index.keys: 2015-10-23T14:47:06+0200 - 8.00 kB
2015-10-23 13:54:22.929+0000 INFO  [o.n.k.i.DiagnosticsManager]   neostore.propertystore.db.index.keys.id: 2015-10-23T15:54:20+0200 - 9.00 B
2015-10-23 13:54:22.929+0000 INFO  [o.n.k.i.DiagnosticsManager]   neostore.propertystore.db.strings: 2015-10-23T14:46:57+0200 - 8.00 kB
2015-10-23 13:54:22.930+0000 INFO  [o.n.k.i.DiagnosticsManager]   neostore.propertystore.db.strings.id: 2015-10-23T15:54:20+0200 - 9.00 B
2015-10-23 13:54:22.930+0000 INFO  [o.n.k.i.DiagnosticsManager]   neostore.relationshipgroupstore.db: 2015-10-23T14:46:59+0200 - 8.00 kB
2015-10-23 13:54:22.931+0000 INFO  [o.n.k.i.DiagnosticsManager]   neostore.relationshipgroupstore.db.id: 2015-10-23T15:54:21+0200 - 9.00 B
2015-10-23 13:54:22.931+0000 INFO  [o.n.k.i.DiagnosticsManager]   neostore.relationshipstore.db: 2015-10-23T14:47:06+0200 - 7.97 kB
2015-10-23 13:54:22.931+0000 INFO  [o.n.k.i.DiagnosticsManager]   neostore.relationshipstore.db.id: 2015-10-23T15:54:20+0200 - 17.00 B
2015-10-23 13:54:22.932+0000 INFO  [o.n.k.i.DiagnosticsManager]   neostore.relationshiptypestore.db: 2015-10-23T14:47:06+0200 - 8.00 kB
2015-10-23 13:54:22.932+0000 INFO  [o.n.k.i.DiagnosticsManager]   neostore.relationshiptypestore.db.id: 2015-10-23T15:54:20+0200 - 9.00 B
2015-10-23 13:54:22.933+0000 INFO  [o.n.k.i.DiagnosticsManager]   neostore.relationshiptypestore.db.names: 2015-10-23T14:47:06+0200 - 8.00 kB
2015-10-23 13:54:22.933+0000 INFO  [o.n.k.i.DiagnosticsManager]   neostore.relationshiptypestore.db.names.id: 2015-10-23T15:54:20+0200 - 9.00 B
2015-10-23 13:54:22.934+0000 INFO  [o.n.k.i.DiagnosticsManager]   neostore.schemastore.db: 2015-10-23T14:46:59+0200 - 8.00 kB
2015-10-23 13:54:22.934+0000 INFO  [o.n.k.i.DiagnosticsManager]   neostore.schemastore.db.id: 2015-10-23T15:54:21+0200 - 9.00 B
2015-10-23 13:54:22.935+0000 INFO  [o.n.k.i.DiagnosticsManager]   neostore.transaction.db.0: 2015-10-23T14:47:06+0200 - 1.27 kB
2015-10-23 13:54:22.935+0000 INFO  [o.n.k.i.DiagnosticsManager]   schema:
2015-10-23 13:54:22.935+0000 INFO  [o.n.k.i.DiagnosticsManager]     label:
2015-10-23 13:54:22.936+0000 INFO  [o.n.k.i.DiagnosticsManager]       lucene:
2015-10-23 13:54:22.937+0000 INFO  [o.n.k.i.DiagnosticsManager]         segments.gen: 2015-10-23T14:47:05+0200 - 20.00 B
2015-10-23 13:54:22.937+0000 INFO  [o.n.k.i.DiagnosticsManager]         segments_1: 2015-10-23T14:47:05+0200 - 32.00 B
2015-10-23 13:54:22.938+0000 INFO  [o.n.k.i.DiagnosticsManager]         write.lock: 2015-10-23T15:54:21+0200 - 0.00 B
2015-10-23 13:54:22.938+0000 INFO  [o.n.k.i.DiagnosticsManager]       - Total: 2015-10-23T15:54:21+0200 - 52.00 B
2015-10-23 13:54:22.939+0000 INFO  [o.n.k.i.DiagnosticsManager]     - Total: 2015-10-23T14:47:04+0200 - 52.00 B
2015-10-23 13:54:22.940+0000 INFO  [o.n.k.i.DiagnosticsManager]   - Total: 2015-10-23T14:47:04+0200 - 52.00 B
2015-10-23 13:54:22.940+0000 INFO  [o.n.k.i.DiagnosticsManager]   store_lock: 2015-10-23T14:46:55+0200 - 0.00 B
2015-10-23 13:54:22.941+0000 INFO  [o.n.k.i.DiagnosticsManager] --- STARTED diagnostics for KernelDiagnostics:StoreFiles END ---
